<?xml version="1.0" encoding="UTF-8"?>
<robot generator="Robot 7.4.2 (Python 3.14.5 on win32)" generated="2026-06-13T20:52:17.427137" rpa="false" schemaversion="5">
<suite id="s1" name="Tests" source="D:\Project\robotframework-hybrid-automation-framework\Tests">
<suite id="s1-s1" name="Api" source="D:\Project\robotframework-hybrid-automation-framework\Tests\api">
<suite id="s1-s1-s1" name="Login Api" source="D:\Project\robotframework-hybrid-automation-framework\Tests\api\login_api.robot">
<kw name="Create API Session" owner="AuthAPI" type="SETUP">
<kw name="Create Dictionary" owner="BuiltIn">
<msg time="2026-06-13T20:52:17.734649" level="INFO">${headers} = {'x-api-key': 'free_user_3F5IcYN7thV2ymEch3SEjEd77lU'}</msg>
<var>${headers}</var>
<arg>x-api-key=${api_key}</arg>
<doc>Creates and returns a dictionary based on the given ``items``.</doc>
<status status="PASS" start="2026-06-13T20:52:17.734224" elapsed="0.000510"/>
</kw>
<kw name="Create Session" owner="RequestsLibrary">
<msg time="2026-06-13T20:52:17.735161" level="INFO">Creating Session using : alias=reqres, url=https://reqres.in, headers={'x-api-key': 'free_user_3F5IcYN7thV2ymEch3SEjEd77lU'},                     cookies={}, auth=None, timeout=None, proxies=None, verify=False,                     debug=0 </msg>
<arg>reqres</arg>
<arg>${base_url}</arg>
<arg>headers=${headers}</arg>
<doc>Create Session: create a HTTP session to a server</doc>
<status status="PASS" start="2026-06-13T20:52:17.734943" elapsed="0.000391"/>
</kw>
<status status="PASS" start="2026-06-13T20:52:17.733756" elapsed="0.001650"/>
</kw>
<test id="s1-s1-s1-t1" name="Successful Login API" line="9">
<kw name="Load Yaml" owner="YamlReader">
<msg time="2026-06-13T20:52:17.736926" level="INFO">${data} = {'login': {'email': 'eve.holt@reqres.in', 'password': 'cityslicka'}, 'user': {'id': 2}}</msg>
<var>${data}</var>
<arg>TestData/api_data.yaml</arg>
<status status="PASS" start="2026-06-13T20:52:17.735881" elapsed="0.001073"/>
</kw>
<kw name="Set Variable" owner="BuiltIn">
<msg time="2026-06-13T20:52:17.737909" level="INFO">${login} = {'email': 'eve.holt@reqres.in', 'password': 'cityslicka'}</msg>
<var>${login}</var>
<arg>${data}[login]</arg>
<doc>Returns the given values which can then be assigned to a variables.</doc>
<status status="PASS" start="2026-06-13T20:52:17.737288" elapsed="0.000665"/>
</kw>
<kw name="Set Variable" owner="BuiltIn">
<msg time="2026-06-13T20:52:17.739000" level="INFO">${email} = eve.holt@reqres.in</msg>
<var>${email}</var>
<arg>${login}[email]</arg>
<doc>Returns the given values which can then be assigned to a variables.</doc>
<status status="PASS" start="2026-06-13T20:52:17.738469" elapsed="0.000580"/>
</kw>
<kw name="Set Variable" owner="BuiltIn">
<msg time="2026-06-13T20:52:17.739984" level="INFO">${password} = cityslicka</msg>
<var>${password}</var>
<arg>${login}[password]</arg>
<doc>Returns the given values which can then be assigned to a variables.</doc>
<status status="PASS" start="2026-06-13T20:52:17.739467" elapsed="0.000545"/>
</kw>
<kw name="Login API" owner="AuthAPI">
<kw name="Create Dictionary" owner="BuiltIn">
<msg time="2026-06-13T20:52:17.741373" level="INFO">${body} = {'email': 'eve.holt@reqres.in', 'password': 'cityslicka'}</msg>
<var>${body}</var>
<arg>email=${email}</arg>
<arg>password=${password}</arg>
<doc>Creates and returns a dictionary based on the given ``items``.</doc>
<status status="PASS" start="2026-06-13T20:52:17.741008" elapsed="0.000392"/>
</kw>
<kw name="POST On Session" owner="RequestsLibrary">
<msg time="2026-06-13T20:52:18.233005" level="INFO">POST Request : url=https://reqres.in/api/login 
 path_url=/api/login 
 headers={'User-Agent': 'python-requests/2.34.2', 'Accept-Encoding': 'gzip, deflate, zstd', 'Accept': '*/*', 'Connection': 'keep-alive', 'x-api-key': 'free_user_3F5IcYN7thV2ymEch3SEjEd77lU', 'Content-Length': '57', 'Content-Type': 'application/json'} 
 body=b'{"email": "eve.holt@reqres.in", "password": "cityslicka"}' 
 </msg>
<msg time="2026-06-13T20:52:18.233400" level="INFO">POST Response : url=https://reqres.in/api/login 
 status=200, reason=OK 
 headers={'Date': 'Sat, 13 Jun 2026 15:22:18 GMT', 'Content-Type': 'application/json; charset=utf-8', 'Transfer-Encoding': 'chunked', 'Connection': 'keep-alive', 'Access-Control-Allow-Origin': '*', 'Cache-Control': 'no-store', 'Cross-Origin-Opener-Policy': 'same-origin', 'Cross-Origin-Resource-Policy': 'same-origin', 'Etag': 'W/"1b5-hRvA2JEEK9A0VJYTw8+bhNg/wj0"', 'Nel': '{"report_to":"heroku-nel","response_headers":["Via"],"max_age":3600,"success_fraction":0.01,"failure_fraction":0.1}', 'Origin-Agent-Cluster': '?1', 'Referrer-Policy': 'strict-origin-when-cross-origin', 'Report-To': '{"group":"heroku-nel","endpoints":[{"url":"https://nel.heroku.com/reports?s=JCmUy6GdA7GFpZoxkprhdT89tO2NAE2cTVwHNtUsDsk%3D\\u0026sid=c4c9725f-1ab0-44d8-820f-430df2718e11\\u0026ts=1781364138"}],"max_age":3600}', 'Reporting-Endpoints': 'heroku-nel="https://nel.heroku.com/reports?s=JCmUy6GdA7GFpZoxkprhdT89tO2NAE2cTVwHNtUsDsk%3D&amp;sid=c4c9725f-1ab0-44d8-820f-430df2718e11&amp;ts=1781364138"', 'Server': 'cloudflare', 'Strict-Transport-Security': 'max-age=31536000; includeSubDomains', 'Via': '1.1 heroku-router', 'X-Content-Type-Options': 'nosniff', 'X-Dns-Prefetch-Control': 'off', 'X-Download-Options': 'noopen', 'X-Frame-Options': 'DENY', 'X-Permitted-Cross-Domain-Policies': 'none', 'X-Powered-By': 'ReqRes.in - Deploy backends in 30 seconds', 'X-Ratelimit-Limit': '250', 'X-Ratelimit-Remaining': '217', 'X-Ratelimit-Reset': '1781395200', 'X-Reqres-Docs': 'https://reqres.in', 'X-Reqres-Message': 'This API is powered by ReqRes. Deploy your own backend in 30 seconds!', 'X-Reqres-Templates': 'https://app.reqres.in/templates', 'X-Reqres-Tip': 'Add real user auth to your app with magic codes - reqres.in/docs', 'X-Reqres-Trial': 'true', 'X-Reqres-Trial-Days-Remaining': '14', 'X-Reqres-Trial-Expires': '2026-06-27T13:49:43.776Z', 'X-Reqres-Upgrade': 'https://app.reqres.in/upgrade', 'X-Request-Id': 'b7ef6cbe-a926-acdc-9406-24d7f3296c09', 'X-Robots-Tag': 'noindex, nofollow', 'X-Xss-Protection': '0', 'cf-cache-status': 'DYNAMIC', 'Content-Encoding': 'gzip', 'CF-RAY': 'a0b21705ea0c752b-BOM'} 
 body={"token":"QpwL5tke4Pnpja7X4","_meta":{"powered_by":"ReqRes","docs_url":"https://app.reqres.in/documentation","upgrade_url":"https://app.reqres.in/upgrade","example_url":"https://app.reqres.in/examples/notes-app","variant":"v1_a","message":"Your data persists here. Add auth, logs, and custom schemas to build a real backend.","cta":{"label":"See example app","url":"https://app.reqres.in/examples/notes-app"},"context":"legacy_success"}} 
 </msg>
<msg time="2026-06-13T20:52:18.233613" level="INFO">D:\Project\robotframework-hybrid-automation-framework\.venv\Lib\site-packages\urllib3\connectionpool.py:1110: InsecureRequestWarning: Unverified HTTPS request is being made to host 'reqres.in'. Adding certificate verification is strongly advised. See: https://urllib3.readthedocs.io/en/latest/advanced-usage.html#tls-warnings
  warnings.warn(</msg>
<msg time="2026-06-13T20:52:18.234172" level="INFO">${response} = &lt;Response [200]&gt;</msg>
<var>${response}</var>
<arg>reqres</arg>
<arg>/api/login</arg>
<arg>json=${body}</arg>
<doc>Sends a POST request on a previously created HTTP Session.</doc>
<status status="PASS" start="2026-06-13T20:52:17.741564" elapsed="0.492678"/>
</kw>
<return>
<value>${response}</value>
<status status="PASS" start="2026-06-13T20:52:18.234513" elapsed="0.000147"/>
</return>
<msg time="2026-06-13T20:52:18.235062" level="INFO">${response} = &lt;Response [200]&gt;</msg>
<var>${response}</var>
<arg>${email}</arg>
<arg>${password}</arg>
<status status="PASS" start="2026-06-13T20:52:17.740511" elapsed="0.494622"/>
</kw>
<kw name="Should Be Equal As Integers" owner="BuiltIn">
<msg time="2026-06-13T20:52:18.237579" level="INFO">Argument types are:
&lt;class 'int'&gt;
&lt;class 'str'&gt;</msg>
<arg>${response.status_code}</arg>
<arg>200</arg>
<doc>Fails if objects are unequal after converting them to integers.</doc>
<status status="PASS" start="2026-06-13T20:52:18.235911" elapsed="0.001904"/>
</kw>
<kw name="Log To Console" owner="BuiltIn">
<arg>${response.json()}</arg>
<doc>Logs the given message to the console.</doc>
<status status="PASS" start="2026-06-13T20:52:18.238312" elapsed="0.001893"/>
</kw>
<tag>regression</tag>
<tag>sanity</tag>
<tag>smoke</tag>
<status status="PASS" start="2026-06-13T20:52:17.735456" elapsed="0.505146"/>
</test>
<status status="PASS" start="2026-06-13T20:52:17.485731" elapsed="0.756295"/>
</suite>
<suite id="s1-s1-s2" name="Users Api" source="D:\Project\robotframework-hybrid-automation-framework\Tests\api\users_api.robot">
<kw name="Create API Session" owner="AuthAPI" type="SETUP">
<kw name="Create Dictionary" owner="BuiltIn">
<msg time="2026-06-13T20:52:18.278099" level="INFO">${headers} = {'x-api-key': 'free_user_3F5IcYN7thV2ymEch3SEjEd77lU'}</msg>
<var>${headers}</var>
<arg>x-api-key=${api_key}</arg>
<doc>Creates and returns a dictionary based on the given ``items``.</doc>
<status status="PASS" start="2026-06-13T20:52:18.277756" elapsed="0.000376"/>
</kw>
<kw name="Create Session" owner="RequestsLibrary">
<msg time="2026-06-13T20:52:18.278405" level="INFO">Creating Session using : alias=reqres, url=https://reqres.in, headers={'x-api-key': 'free_user_3F5IcYN7thV2ymEch3SEjEd77lU'},                     cookies={}, auth=None, timeout=None, proxies=None, verify=False,                     debug=0 </msg>
<arg>reqres</arg>
<arg>${base_url}</arg>
<arg>headers=${headers}</arg>
<doc>Create Session: create a HTTP session to a server</doc>
<status status="PASS" start="2026-06-13T20:52:18.278225" elapsed="0.000339"/>
</kw>
<status status="PASS" start="2026-06-13T20:52:18.277353" elapsed="0.001263"/>
</kw>
<test id="s1-s1-s2-t1" name="Get User Details" line="10">
<kw name="Load Yaml" owner="YamlReader">
<msg time="2026-06-13T20:52:18.280138" level="INFO">${data} = {'login': {'email': 'eve.holt@reqres.in', 'password': 'cityslicka'}, 'user': {'id': 2}}</msg>
<var>${data}</var>
<arg>TestData/api_data.yaml</arg>
<status status="PASS" start="2026-06-13T20:52:18.279138" elapsed="0.001035"/>
</kw>
<kw name="Set Variable" owner="BuiltIn">
<msg time="2026-06-13T20:52:18.280751" level="INFO">${user} = {'id': 2}</msg>
<var>${user}</var>
<arg>${data}[user]</arg>
<doc>Returns the given values which can then be assigned to a variables.</doc>
<status status="PASS" start="2026-06-13T20:52:18.280456" elapsed="0.000317"/>
</kw>
<kw name="Set Variable" owner="BuiltIn">
<msg time="2026-06-13T20:52:18.281297" level="INFO">${user_id} = 2</msg>
<var>${user_id}</var>
<arg>${user}[id]</arg>
<doc>Returns the given values which can then be assigned to a variables.</doc>
<status status="PASS" start="2026-06-13T20:52:18.280958" elapsed="0.000368"/>
</kw>
<kw name="Get User" owner="UserAPI">
<kw name="GET On Session" owner="RequestsLibrary">
<msg time="2026-06-13T20:52:18.710542" level="INFO">GET Request : url=https://reqres.in/api/users/2 
 path_url=/api/users/2 
 headers={'User-Agent': 'python-requests/2.34.2', 'Accept-Encoding': 'gzip, deflate, zstd', 'Accept': '*/*', 'Connection': 'keep-alive', 'x-api-key': 'free_user_3F5IcYN7thV2ymEch3SEjEd77lU'} 
 body=None 
 </msg>
<msg time="2026-06-13T20:52:18.710781" level="INFO">GET Response : url=https://reqres.in/api/users/2 
 status=200, reason=OK 
 headers={'Date': 'Sat, 13 Jun 2026 15:22:18 GMT', 'Content-Type': 'application/json; charset=utf-8', 'Transfer-Encoding': 'chunked', 'Connection': 'keep-alive', 'Access-Control-Allow-Origin': '*', 'Cache-Control': 'public, max-age=14400, s-maxage=60', 'Cdn-Cache-Control': 'max-age=60', 'Cross-Origin-Opener-Policy': 'same-origin', 'Cross-Origin-Resource-Policy': 'same-origin', 'Etag': 'W/"309-xht0adi+2R3nyR08DqinqzlyEM0"', 'Nel': '{"report_to":"heroku-nel","response_headers":["Via"],"max_age":3600,"success_fraction":0.01,"failure_fraction":0.1}', 'Origin-Agent-Cluster': '?1', 'Ratelimit-Limit': '20', 'Ratelimit-Policy': '20;w=60', 'Ratelimit-Remaining': '19', 'Ratelimit-Reset': '60', 'Referrer-Policy': 'strict-origin-when-cross-origin', 'Report-To': '{"group":"heroku-nel","endpoints":[{"url":"https://nel.heroku.com/reports?s=JCmUy6GdA7GFpZoxkprhdT89tO2NAE2cTVwHNtUsDsk%3D\\u0026sid=c4c9725f-1ab0-44d8-820f-430df2718e11\\u0026ts=1781364138"}],"max_age":3600}', 'Reporting-Endpoints': 'heroku-nel="https://nel.heroku.com/reports?s=JCmUy6GdA7GFpZoxkprhdT89tO2NAE2cTVwHNtUsDsk%3D&amp;sid=c4c9725f-1ab0-44d8-820f-430df2718e11&amp;ts=1781364138"', 'Server': 'cloudflare', 'Strict-Transport-Security': 'max-age=31536000; includeSubDomains', 'Via': '1.1 heroku-router', 'X-Content-Type-Options': 'nosniff', 'X-Dns-Prefetch-Control': 'off', 'X-Download-Options': 'noopen', 'X-Frame-Options': 'DENY', 'X-Permitted-Cross-Domain-Policies': 'none', 'X-Powered-By': 'ReqRes.in - Deploy backends in 30 seconds', 'X-Ratelimit-Limit': '250', 'X-Ratelimit-Remaining': '216', 'X-Ratelimit-Reset': '1781395200', 'X-Reqres-Docs': 'https://reqres.in', 'X-Reqres-Message': 'This API is powered by ReqRes. Deploy your own backend in 30 seconds!', 'X-Reqres-Templates': 'https://app.reqres.in/templates', 'X-Reqres-Tip': 'Build with your own data, not fixtures - app.reqres.in/dashboard', 'X-Reqres-Trial': 'true', 'X-Reqres-Trial-Days-Remaining': '14', 'X-Reqres-Trial-Expires': '2026-06-27T13:49:43.776Z', 'X-Reqres-Upgrade': 'https://app.reqres.in/upgrade', 'X-Request-Id': 'ca83e321-e498-49f6-2469-d050cf189d7b', 'X-Robots-Tag': 'noindex, nofollow', 'X-Xss-Protection': '0', 'cf-cache-status': 'MISS', 'Content-Encoding': 'gzip', 'CF-RAY': 'a0b217090b8d2e2c-BOM'} 
 body={"data":{"id":2,"email":"janet.weaver@reqres.in","first_name":"Janet","last_name":"Weaver","avatar":"https://reqres.in/img/faces/2-image.jpg"},"support":{"url":"https://benhowdle.im/first-cto-playbook?utm_source=reqres&amp;utm_medium=json&amp;utm_campaign=referral","text":"Become a better CTO. A playbook of painful stories and practical advice from a two-time startup CTO."},"_meta":{"powered_by":"ReqRes","docs_url":"https://app.reqres.in/documentation","upgrade_url":"https://app.reqres.in/upgrade","example_url":"https://app.reqres.in/examples/notes-app","variant":"v1_a","message":"Your data persists here. Add auth, logs, and custom schemas to build a real backend.","cta":{"label":"See example app","url":"https://app.reqres.in/examples/notes-app"},"context":"legacy_success"}} 
 </msg>
<msg time="2026-06-13T20:52:18.710973" level="INFO">D:\Project\robotframework-hybrid-automation-framework\.venv\Lib\site-packages\urllib3\connectionpool.py:1110: InsecureRequestWarning: Unverified HTTPS request is being made to host 'reqres.in'. Adding certificate verification is strongly advised. See: https://urllib3.readthedocs.io/en/latest/advanced-usage.html#tls-warnings
  warnings.warn(</msg>
<msg time="2026-06-13T20:52:18.711405" level="INFO">${response} = &lt;Response [200]&gt;</msg>
<var>${response}</var>
<arg>reqres</arg>
<arg>/api/users/${user_id}</arg>
<doc>Sends a GET request on a previously created HTTP Session.</doc>
<status status="PASS" start="2026-06-13T20:52:18.281868" elapsed="0.429618"/>
</kw>
<return>
<value>${response}</value>
<status status="PASS" start="2026-06-13T20:52:18.711616" elapsed="0.000110"/>
</return>
<msg time="2026-06-13T20:52:18.711993" level="INFO">${response} = &lt;Response [200]&gt;</msg>
<var>${response}</var>
<arg>${user_id}</arg>
<status status="PASS" start="2026-06-13T20:52:18.281648" elapsed="0.430383"/>
</kw>
<kw name="Should Be Equal As Integers" owner="BuiltIn">
<msg time="2026-06-13T20:52:18.713216" level="INFO">Argument types are:
&lt;class 'int'&gt;
&lt;class 'str'&gt;</msg>
<arg>${response.status_code}</arg>
<arg>200</arg>
<doc>Fails if objects are unequal after converting them to integers.</doc>
<status status="PASS" start="2026-06-13T20:52:18.712462" elapsed="0.000812"/>
</kw>
<kw name="Should Contain" owner="BuiltIn">
<arg>${response.text}</arg>
<arg>Janet</arg>
<doc>Fails if ``container`` does not contain ``item`` one or more times.</doc>
<status status="PASS" start="2026-06-13T20:52:18.713585" elapsed="0.000628"/>
</kw>
<kw name="Log To Console" owner="BuiltIn">
<arg>${response.json()}</arg>
<doc>Logs the given message to the console.</doc>
<status status="PASS" start="2026-06-13T20:52:18.714514" elapsed="0.000626"/>
</kw>
<tag>regression</tag>
<status status="PASS" start="2026-06-13T20:52:18.278671" elapsed="0.436766"/>
</test>
<status status="PASS" start="2026-06-13T20:52:18.243225" elapsed="0.473068"/>
</suite>
<status status="PASS" start="2026-06-13T20:52:17.483907" elapsed="1.233509"/>
</suite>
<suite id="s1-s2" name="Hybrid" source="D:\Project\robotframework-hybrid-automation-framework\Tests\hybrid">
<suite id="s1-s2-s1" name="Api Login Then Ui" source="D:\Project\robotframework-hybrid-automation-framework\Tests\hybrid\api_login_then_ui.robot">
<test id="s1-s2-s1-t1" name="API Login Then UI Login" line="17">
<kw name="Load Yaml" owner="YamlReader">
<msg time="2026-06-13T20:52:19.006087" level="INFO">${env} = {'environment': {'name': 'qa'}, 'application': {'ui_url': 'https://www.saucedemo.com'}, 'api': {'base_url': 'https://reqres.in', 'api_key': 'free_user_3F5IcYN7thV2ymEch3SEjEd77lU'}}</msg>
<var>${env}</var>
<arg>${ENV_FILE}</arg>
<status status="PASS" start="2026-06-13T20:52:19.003221" elapsed="0.002995"/>
</kw>
<kw name="Load Yaml" owner="YamlReader">
<msg time="2026-06-13T20:52:19.008151" level="INFO">${api_data} = {'login': {'email': 'eve.holt@reqres.in', 'password': 'cityslicka'}, 'user': {'id': 2}}</msg>
<var>${api_data}</var>
<arg>${API_DATA_FILE}</arg>
<status status="PASS" start="2026-06-13T20:52:19.007156" elapsed="0.001034"/>
</kw>
<kw name="Load Yaml" owner="YamlReader">
<msg time="2026-06-13T20:52:19.010352" level="INFO">${ui_data} = {'users': {'valid_user': {'username': 'standard_user', 'password': 'secret_sauce'}, 'invalid_password': {'username': 'standard_user', 'password': 'wrong_password'}, 'invalid_username': {'username': 'i...</msg>
<var>${ui_data}</var>
<arg>${UI_DATA_FILE}</arg>
<status status="PASS" start="2026-06-13T20:52:19.008643" elapsed="0.001743"/>
</kw>
<kw name="Create API Session" owner="AuthAPI">
<kw name="Create Dictionary" owner="BuiltIn">
<msg time="2026-06-13T20:52:19.011661" level="INFO">${headers} = {'x-api-key': 'free_user_3F5IcYN7thV2ymEch3SEjEd77lU'}</msg>
<var>${headers}</var>
<arg>x-api-key=${api_key}</arg>
<doc>Creates and returns a dictionary based on the given ``items``.</doc>
<status status="PASS" start="2026-06-13T20:52:19.011302" elapsed="0.000380"/>
</kw>
<kw name="Create Session" owner="RequestsLibrary">
<msg time="2026-06-13T20:52:19.011905" level="INFO">Creating Session using : alias=reqres, url=https://reqres.in, headers={'x-api-key': 'free_user_3F5IcYN7thV2ymEch3SEjEd77lU'},                     cookies={}, auth=None, timeout=None, proxies=None, verify=False,                     debug=0 </msg>
<arg>reqres</arg>
<arg>${base_url}</arg>
<arg>headers=${headers}</arg>
<doc>Create Session: create a HTTP session to a server</doc>
<status status="PASS" start="2026-06-13T20:52:19.011770" elapsed="0.000252"/>
</kw>
<arg>${env}[api][base_url]</arg>
<arg>${env}[api][api_key]</arg>
<status status="PASS" start="2026-06-13T20:52:19.010896" elapsed="0.001174"/>
</kw>
<kw name="Login API" owner="AuthAPI">
<kw name="Create Dictionary" owner="BuiltIn">
<msg time="2026-06-13T20:52:19.013136" level="INFO">${body} = {'email': 'eve.holt@reqres.in', 'password': 'cityslicka'}</msg>
<var>${body}</var>
<arg>email=${email}</arg>
<arg>password=${password}</arg>
<doc>Creates and returns a dictionary based on the given ``items``.</doc>
<status status="PASS" start="2026-06-13T20:52:19.012565" elapsed="0.000646"/>
</kw>
<kw name="POST On Session" owner="RequestsLibrary">
<msg time="2026-06-13T20:52:19.433592" level="INFO">POST Request : url=https://reqres.in/api/login 
 path_url=/api/login 
 headers={'User-Agent': 'python-requests/2.34.2', 'Accept-Encoding': 'gzip, deflate, zstd', 'Accept': '*/*', 'Connection': 'keep-alive', 'x-api-key': 'free_user_3F5IcYN7thV2ymEch3SEjEd77lU', 'Content-Length': '57', 'Content-Type': 'application/json'} 
 body=b'{"email": "eve.holt@reqres.in", "password": "cityslicka"}' 
 </msg>
<msg time="2026-06-13T20:52:19.434016" level="INFO">POST Response : url=https://reqres.in/api/login 
 status=200, reason=OK 
 headers={'Date': 'Sat, 13 Jun 2026 15:22:19 GMT', 'Content-Type': 'application/json; charset=utf-8', 'Transfer-Encoding': 'chunked', 'Connection': 'keep-alive', 'Access-Control-Allow-Origin': '*', 'Cache-Control': 'no-store', 'Cross-Origin-Opener-Policy': 'same-origin', 'Cross-Origin-Resource-Policy': 'same-origin', 'Etag': 'W/"1b5-hRvA2JEEK9A0VJYTw8+bhNg/wj0"', 'Nel': '{"report_to":"heroku-nel","response_headers":["Via"],"max_age":3600,"success_fraction":0.01,"failure_fraction":0.1}', 'Origin-Agent-Cluster': '?1', 'Referrer-Policy': 'strict-origin-when-cross-origin', 'Report-To': '{"group":"heroku-nel","endpoints":[{"url":"https://nel.heroku.com/reports?s=%2BpuTtH5iXT6f5zq66%2FNBb0Dli26KHywc7QrGLZZZBtM%3D\\u0026sid=c4c9725f-1ab0-44d8-820f-430df2718e11\\u0026ts=1781364139"}],"max_age":3600}', 'Reporting-Endpoints': 'heroku-nel="https://nel.heroku.com/reports?s=%2BpuTtH5iXT6f5zq66%2FNBb0Dli26KHywc7QrGLZZZBtM%3D&amp;sid=c4c9725f-1ab0-44d8-820f-430df2718e11&amp;ts=1781364139"', 'Server': 'cloudflare', 'Strict-Transport-Security': 'max-age=31536000; includeSubDomains', 'Via': '1.1 heroku-router', 'X-Content-Type-Options': 'nosniff', 'X-Dns-Prefetch-Control': 'off', 'X-Download-Options': 'noopen', 'X-Frame-Options': 'DENY', 'X-Permitted-Cross-Domain-Policies': 'none', 'X-Powered-By': 'ReqRes.in - Deploy backends in 30 seconds', 'X-Ratelimit-Limit': '250', 'X-Ratelimit-Remaining': '215', 'X-Ratelimit-Reset': '1781395200', 'X-Reqres-Docs': 'https://reqres.in', 'X-Reqres-Message': 'This API is powered by ReqRes. Deploy your own backend in 30 seconds!', 'X-Reqres-Templates': 'https://app.reqres.in/templates', 'X-Reqres-Tip': 'Add real user auth to your app with magic codes - reqres.in/docs', 'X-Reqres-Trial': 'true', 'X-Reqres-Trial-Days-Remaining': '14', 'X-Reqres-Trial-Expires': '2026-06-27T13:49:43.776Z', 'X-Reqres-Upgrade': 'https://app.reqres.in/upgrade', 'X-Request-Id': '284f9888-5787-fb85-4672-157a8647cef6', 'X-Robots-Tag': 'noindex, nofollow', 'X-Xss-Protection': '0', 'cf-cache-status': 'DYNAMIC', 'Content-Encoding': 'gzip', 'CF-RAY': 'a0b2170d9e3f1494-BOM'} 
 body={"token":"QpwL5tke4Pnpja7X4","_meta":{"powered_by":"ReqRes","docs_url":"https://app.reqres.in/documentation","upgrade_url":"https://app.reqres.in/upgrade","example_url":"https://app.reqres.in/examples/notes-app","variant":"v1_a","message":"Your data persists here. Add auth, logs, and custom schemas to build a real backend.","cta":{"label":"See example app","url":"https://app.reqres.in/examples/notes-app"},"context":"legacy_success"}} 
 </msg>
<msg time="2026-06-13T20:52:19.434322" level="INFO">D:\Project\robotframework-hybrid-automation-framework\.venv\Lib\site-packages\urllib3\connectionpool.py:1110: InsecureRequestWarning: Unverified HTTPS request is being made to host 'reqres.in'. Adding certificate verification is strongly advised. See: https://urllib3.readthedocs.io/en/latest/advanced-usage.html#tls-warnings
  warnings.warn(</msg>
<msg time="2026-06-13T20:52:19.435219" level="INFO">${response} = &lt;Response [200]&gt;</msg>
<var>${response}</var>
<arg>reqres</arg>
<arg>/api/login</arg>
<arg>json=${body}</arg>
<doc>Sends a POST request on a previously created HTTP Session.</doc>
<status status="PASS" start="2026-06-13T20:52:19.013312" elapsed="0.422113"/>
</kw>
<return>
<value>${response}</value>
<status status="PASS" start="2026-06-13T20:52:19.435703" elapsed="0.000168"/>
</return>
<msg time="2026-06-13T20:52:19.436514" level="INFO">${response} = &lt;Response [200]&gt;</msg>
<var>${response}</var>
<arg>${api_data}[login][email]</arg>
<arg>${api_data}[login][password]</arg>
<status status="PASS" start="2026-06-13T20:52:19.012335" elapsed="0.424270"/>
</kw>
<kw name="Should Be Equal As Integers" owner="BuiltIn">
<msg time="2026-06-13T20:52:19.439446" level="INFO">Argument types are:
&lt;class 'int'&gt;
&lt;class 'str'&gt;</msg>
<arg>${response.status_code}</arg>
<arg>200</arg>
<doc>Fails if objects are unequal after converting them to integers.</doc>
<status status="PASS" start="2026-06-13T20:52:19.437858" elapsed="0.001905"/>
</kw>
<kw name="Extract Token" owner="HybridKeywords">
<kw name="Set Variable" owner="BuiltIn">
<msg time="2026-06-13T20:52:19.442785" level="INFO">${json} = {'token': 'QpwL5tke4Pnpja7X4', '_meta': {'powered_by': 'ReqRes', 'docs_url': 'https://app.reqres.in/documentation', 'upgrade_url': 'https://app.reqres.in/upgrade', 'example_url': 'https://app.reqres.i...</msg>
<var>${json}</var>
<arg>${response.json()}</arg>
<doc>Returns the given values which can then be assigned to a variables.</doc>
<status status="PASS" start="2026-06-13T20:52:19.441638" elapsed="0.001203"/>
</kw>
<kw name="Set Variable" owner="BuiltIn">
<msg time="2026-06-13T20:52:19.443608" level="INFO">${token} = QpwL5tke4Pnpja7X4</msg>
<var>${token}</var>
<arg>${json}[token]</arg>
<doc>Returns the given values which can then be assigned to a variables.</doc>
<status status="PASS" start="2026-06-13T20:52:19.443096" elapsed="0.000556"/>
</kw>
<return>
<value>${token}</value>
<status status="PASS" start="2026-06-13T20:52:19.443754" elapsed="0.000072"/>
</return>
<msg time="2026-06-13T20:52:19.444023" level="INFO">${token} = QpwL5tke4Pnpja7X4</msg>
<var>${token}</var>
<arg>${response}</arg>
<status status="PASS" start="2026-06-13T20:52:19.440928" elapsed="0.003127"/>
</kw>
<kw name="Should Not Be Empty" owner="BuiltIn">
<msg time="2026-06-13T20:52:19.445402" level="INFO">Length is 17.</msg>
<arg>${token}</arg>
<doc>Verifies that the given item is not empty.</doc>
<status status="PASS" start="2026-06-13T20:52:19.444531" elapsed="0.000987"/>
</kw>
<kw name="Launch Browser" owner="BrowserFactory">
<kw name="Open Browser" owner="SeleniumLibrary">
<msg time="2026-06-13T20:52:19.448075" level="INFO">Opening browser 'chrome' to base url 'https://www.saucedemo.com'.</msg>
<arg>${url}</arg>
<arg>chrome</arg>
<doc>Opens a new browser instance to the optional ``url``.</doc>
<status status="PASS" start="2026-06-13T20:52:19.447356" elapsed="1.900308"/>
</kw>
<kw name="Maximize Browser Window" owner="SeleniumLibrary">
<doc>Maximizes current browser window.</doc>
<status status="PASS" start="2026-06-13T20:52:21.348162" elapsed="0.036305"/>
</kw>
<arg>${env}[application][ui_url]</arg>
<status status="PASS" start="2026-06-13T20:52:19.446398" elapsed="1.938550"/>
</kw>
<kw name="Login To SauceDemo" owner="LoginPage">
<kw name="Input Text" owner="SeleniumLibrary">
<msg time="2026-06-13T20:52:21.389420" level="INFO">Typing text 'standard_user' into text field 'id:user-name'.</msg>
<arg>${USERNAME_FIELD}</arg>
<arg>${username}</arg>
<doc>Types the given ``text`` into the text field identified by ``locator``.</doc>
<status status="PASS" start="2026-06-13T20:52:21.387931" elapsed="0.260403"/>
</kw>
<kw name="Input Text" owner="SeleniumLibrary">
<msg time="2026-06-13T20:52:21.649388" level="INFO">Typing text 'secret_sauce' into text field 'id:password'.</msg>
<arg>${PASSWORD_FIELD}</arg>
<arg>${password}</arg>
<doc>Types the given ``text`` into the text field identified by ``locator``.</doc>
<status status="PASS" start="2026-06-13T20:52:21.648738" elapsed="0.109578"/>
</kw>
<kw name="Click Button" owner="SeleniumLibrary">
<msg time="2026-06-13T20:52:21.760094" level="INFO">Clicking button 'id:login-button'.</msg>
<arg>${LOGIN_BUTTON}</arg>
<doc>Clicks the button identified by ``locator``.</doc>
<status status="PASS" start="2026-06-13T20:52:21.758959" elapsed="0.134621"/>
</kw>
<arg>${ui_data}[users][valid_user][username]</arg>
<arg>${ui_data}[users][valid_user][password]</arg>
<status status="PASS" start="2026-06-13T20:52:21.386430" elapsed="0.507437"/>
</kw>
<kw name="Verify Inventory Page" owner="InventoryPage">
<kw name="Page Should Contain" owner="SeleniumLibrary">
<msg time="2026-06-13T20:52:21.923014" level="INFO">Current page contains text 'Products'.</msg>
<arg>Products</arg>
<doc>Verifies that current page contains ``text``.</doc>
<status status="PASS" start="2026-06-13T20:52:21.895083" elapsed="0.028214"/>
</kw>
<status status="PASS" start="2026-06-13T20:52:21.894524" elapsed="0.029046"/>
</kw>
<kw name="Close Browser Session" owner="BrowserFactory" type="TEARDOWN">
<kw name="Close All Browsers" owner="SeleniumLibrary">
<doc>Closes all open browsers and resets the browser cache.</doc>
<status status="PASS" start="2026-06-13T20:52:21.927412" elapsed="2.380510"/>
</kw>
<status status="PASS" start="2026-06-13T20:52:21.926569" elapsed="2.381644"/>
</kw>
<tag>regression</tag>
<tag>smoke</tag>
<status status="PASS" start="2026-06-13T20:52:19.002156" elapsed="5.306534"/>
</test>
<status status="PASS" start="2026-06-13T20:52:18.719472" elapsed="5.591099"/>
</suite>
<suite id="s1-s2-s2" name="Create Employee Hybrid" source="D:\Project\robotframework-hybrid-automation-framework\Tests\hybrid\create_employee_hybrid.robot">
<test id="s1-s2-s2-t1" name="Create Employee Hybrid" line="11">
<kw name="Load Yaml" owner="YamlReader">
<msg time="2026-06-13T20:52:24.320976" level="INFO">${env} = {'environment': {'name': 'qa'}, 'application': {'ui_url': 'https://www.saucedemo.com'}, 'api': {'base_url': 'https://reqres.in', 'api_key': 'free_user_3F5IcYN7thV2ymEch3SEjEd77lU'}}</msg>
<var>${env}</var>
<arg>${ENV_FILE}</arg>
<status status="PASS" start="2026-06-13T20:52:24.318827" elapsed="0.002198"/>
</kw>
<kw name="Load Yaml" owner="YamlReader">
<msg time="2026-06-13T20:52:24.324183" level="INFO">${employee_data} = {'employees': [{'name': 'Rahul Sharma', 'job': 'QA Engineer'}, {'name': 'Priya Banerjee', 'job': 'Automation Engineer'}, {'name': 'Amit Kumar', 'job': 'SDET'}, {'name': 'Sneha Verma', 'job': 'Test Lea...</msg>
<var>${employee_data}</var>
<arg>${EMPLOYEE_DATA_FILE}</arg>
<status status="PASS" start="2026-06-13T20:52:24.321641" elapsed="0.002651"/>
</kw>
<kw name="Set Variable" owner="BuiltIn">
<msg time="2026-06-13T20:52:24.326167" level="INFO">${employees} = [{'name': 'Rahul Sharma', 'job': 'QA Engineer'}, {'name': 'Priya Banerjee', 'job': 'Automation Engineer'}, {'name': 'Amit Kumar', 'job': 'SDET'}, {'name': 'Sneha Verma', 'job': 'Test Lead'}, {'name': ...</msg>
<var>${employees}</var>
<arg>${employee_data}[employees]</arg>
<doc>Returns the given values which can then be assigned to a variables.</doc>
<status status="PASS" start="2026-06-13T20:52:24.325054" elapsed="0.001185"/>
</kw>
<kw name="Create API Session" owner="AuthAPI">
<kw name="Create Dictionary" owner="BuiltIn">
<msg time="2026-06-13T20:52:24.328513" level="INFO">${headers} = {'x-api-key': 'free_user_3F5IcYN7thV2ymEch3SEjEd77lU'}</msg>
<var>${headers}</var>
<arg>x-api-key=${api_key}</arg>
<doc>Creates and returns a dictionary based on the given ``items``.</doc>
<status status="PASS" start="2026-06-13T20:52:24.327772" elapsed="0.000797"/>
</kw>
<kw name="Create Session" owner="RequestsLibrary">
<msg time="2026-06-13T20:52:24.329203" level="INFO">Creating Session using : alias=reqres, url=https://reqres.in, headers={'x-api-key': 'free_user_3F5IcYN7thV2ymEch3SEjEd77lU'},                     cookies={}, auth=None, timeout=None, proxies=None, verify=False,                     debug=0 </msg>
<arg>reqres</arg>
<arg>${base_url}</arg>
<arg>headers=${headers}</arg>
<doc>Create Session: create a HTTP session to a server</doc>
<status status="PASS" start="2026-06-13T20:52:24.328772" elapsed="0.000642"/>
</kw>
<arg>${env}[api][base_url]</arg>
<arg>${env}[api][api_key]</arg>
<status status="PASS" start="2026-06-13T20:52:24.326997" elapsed="0.002501"/>
</kw>
<for flavor="IN">
<iter>
<kw name="Create Employee" owner="UserAPI">
<kw name="Create Dictionary" owner="BuiltIn">
<msg time="2026-06-13T20:52:24.331095" level="INFO">${body} = {'name': 'Rahul Sharma', 'job': 'QA Engineer'}</msg>
<var>${body}</var>
<arg>name=${name}</arg>
<arg>job=${job}</arg>
<doc>Creates and returns a dictionary based on the given ``items``.</doc>
<status status="PASS" start="2026-06-13T20:52:24.330708" elapsed="0.000414"/>
</kw>
<kw name="POST On Session" owner="RequestsLibrary">
<msg time="2026-06-13T20:52:24.639642" level="INFO">POST Request : url=https://reqres.in/api/users 
 path_url=/api/users 
 headers={'User-Agent': 'python-requests/2.34.2', 'Accept-Encoding': 'gzip, deflate, zstd', 'Accept': '*/*', 'Connection': 'keep-alive', 'x-api-key': 'free_user_3F5IcYN7thV2ymEch3SEjEd77lU', 'Content-Length': '46', 'Content-Type': 'application/json'} 
 body=b'{"name": "Rahul Sharma", "job": "QA Engineer"}' 
 </msg>
<msg time="2026-06-13T20:52:24.640159" level="INFO">POST Response : url=https://reqres.in/api/users 
 status=201, reason=Created 
 headers={'Date': 'Sat, 13 Jun 2026 15:22:24 GMT', 'Content-Type': 'application/json; charset=utf-8', 'Content-Length': '501', 'Connection': 'keep-alive', 'Access-Control-Allow-Origin': '*', 'Cache-Control': 'no-store', 'Cross-Origin-Opener-Policy': 'same-origin', 'Cross-Origin-Resource-Policy': 'same-origin', 'Etag': 'W/"1f5-3lcrmT9Tz7HDFp1/ie/Tmzspli8"', 'Nel': '{"report_to":"heroku-nel","response_headers":["Via"],"max_age":3600,"success_fraction":0.01,"failure_fraction":0.1}', 'Origin-Agent-Cluster': '?1', 'Ratelimit-Limit': '20', 'Ratelimit-Policy': '20;w=60', 'Ratelimit-Remaining': '19', 'Ratelimit-Reset': '60', 'Referrer-Policy': 'strict-origin-when-cross-origin', 'Report-To': '{"group":"heroku-nel","endpoints":[{"url":"https://nel.heroku.com/reports?s=nIigx0USNsiV2wI4waJ8QPwa0wAJ5S359kVZ98e0Ack%3D\\u0026sid=c4c9725f-1ab0-44d8-820f-430df2718e11\\u0026ts=1781364144"}],"max_age":3600}', 'Reporting-Endpoints': 'heroku-nel="https://nel.heroku.com/reports?s=nIigx0USNsiV2wI4waJ8QPwa0wAJ5S359kVZ98e0Ack%3D&amp;sid=c4c9725f-1ab0-44d8-820f-430df2718e11&amp;ts=1781364144"', 'Server': 'cloudflare', 'Strict-Transport-Security': 'max-age=31536000; includeSubDomains', 'Via': '1.1 heroku-router', 'X-Content-Type-Options': 'nosniff', 'X-Dns-Prefetch-Control': 'off', 'X-Download-Options': 'noopen', 'X-Frame-Options': 'DENY', 'X-Permitted-Cross-Domain-Policies': 'none', 'X-Powered-By': 'ReqRes.in - Deploy backends in 30 seconds', 'X-Ratelimit-Limit': '250', 'X-Ratelimit-Remaining': '214', 'X-Ratelimit-Reset': '1781395200', 'X-Reqres-Docs': 'https://reqres.in', 'X-Reqres-Message': 'This API is powered by ReqRes. Deploy your own backend in 30 seconds!', 'X-Reqres-Templates': 'https://app.reqres.in/templates', 'X-Reqres-Tip': 'Build with your own data, not fixtures - app.reqres.in/dashboard', 'X-Reqres-Trial': 'true', 'X-Reqres-Trial-Days-Remaining': '14', 'X-Reqres-Trial-Expires': '2026-06-27T13:49:43.776Z', 'X-Reqres-Upgrade': 'https://app.reqres.in/upgrade', 'X-Request-Id': 'c4b3a29f-4145-1001-7845-c2c844781c51', 'X-Robots-Tag': 'noindex, nofollow', 'X-Xss-Protection': '0', 'cf-cache-status': 'DYNAMIC', 'CF-RAY': 'a0b2172eede9d5f0-BOM'} 
 body={"name":"Rahul Sharma","job":"QA Engineer","id":"283","createdAt":"2026-06-13T15:22:24.577Z","_meta":{"powered_by":"ReqRes","docs_url":"https://app.reqres.in/documentation","upgrade_url":"https://app.reqres.in/upgrade","example_url":"https://app.reqres.in/examples/notes-app","variant":"v1_a","message":"Your data persists here. Add auth, logs, and custom schemas to build a real backend.","cta":{"label":"See example app","url":"https://app.reqres.in/examples/notes-app"},"context":"legacy_success"}} 
 </msg>
<msg time="2026-06-13T20:52:24.640461" level="INFO">D:\Project\robotframework-hybrid-automation-framework\.venv\Lib\site-packages\urllib3\connectionpool.py:1110: InsecureRequestWarning: Unverified HTTPS request is being made to host 'reqres.in'. Adding certificate verification is strongly advised. See: https://urllib3.readthedocs.io/en/latest/advanced-usage.html#tls-warnings
  warnings.warn(</msg>
<msg time="2026-06-13T20:52:24.641078" level="INFO">${response} = &lt;Response [201]&gt;</msg>
<var>${response}</var>
<arg>reqres</arg>
<arg>/api/users</arg>
<arg>json=${body}</arg>
<doc>Sends a POST request on a previously created HTTP Session.</doc>
<status status="PASS" start="2026-06-13T20:52:24.331215" elapsed="0.309929"/>
</kw>
<return>
<value>${response}</value>
<status status="PASS" start="2026-06-13T20:52:24.641294" elapsed="0.000281"/>
</return>
<msg time="2026-06-13T20:52:24.642126" level="INFO">${response} = &lt;Response [201]&gt;</msg>
<var>${response}</var>
<arg>${employee}[name]</arg>
<arg>${employee}[job]</arg>
<status status="PASS" start="2026-06-13T20:52:24.330378" elapsed="0.311834"/>
</kw>
<kw name="Should Be Equal As Integers" owner="BuiltIn">
<msg time="2026-06-13T20:52:24.644652" level="INFO">Argument types are:
&lt;class 'int'&gt;
&lt;class 'str'&gt;</msg>
<arg>${response.status_code}</arg>
<arg>201</arg>
<doc>Fails if objects are unequal after converting them to integers.</doc>
<status status="PASS" start="2026-06-13T20:52:24.642711" elapsed="0.002128"/>
</kw>
<kw name="Should Contain" owner="BuiltIn">
<arg>${response.text}</arg>
<arg>${employee}[name]</arg>
<doc>Fails if ``container`` does not contain ``item`` one or more times.</doc>
<status status="PASS" start="2026-06-13T20:52:24.645213" elapsed="0.002227"/>
</kw>
<kw name="Log To Console" owner="BuiltIn">
<arg>Employee Created Successfully</arg>
<doc>Logs the given message to the console.</doc>
<status status="PASS" start="2026-06-13T20:52:24.647906" elapsed="0.000703"/>
</kw>
<var name="${employee}">{'name': 'Rahul Sharma', 'job': 'QA Engineer'}</var>
<status status="PASS" start="2026-06-13T20:52:24.330196" elapsed="0.318481"/>
</iter>
<iter>
<kw name="Create Employee" owner="UserAPI">
<kw name="Create Dictionary" owner="BuiltIn">
<msg time="2026-06-13T20:52:24.651796" level="INFO">${body} = {'name': 'Priya Banerjee', 'job': 'Automation Engineer'}</msg>
<var>${body}</var>
<arg>name=${name}</arg>
<arg>job=${job}</arg>
<doc>Creates and returns a dictionary based on the given ``items``.</doc>
<status status="PASS" start="2026-06-13T20:52:24.650447" elapsed="0.001452"/>
</kw>
<kw name="POST On Session" owner="RequestsLibrary">
<msg time="2026-06-13T20:52:24.830998" level="INFO">POST Request : url=https://reqres.in/api/users 
 path_url=/api/users 
 headers={'User-Agent': 'python-requests/2.34.2', 'Accept-Encoding': 'gzip, deflate, zstd', 'Accept': '*/*', 'Connection': 'keep-alive', 'x-api-key': 'free_user_3F5IcYN7thV2ymEch3SEjEd77lU', 'Content-Length': '56', 'Content-Type': 'application/json'} 
 body=b'{"name": "Priya Banerjee", "job": "Automation Engineer"}' 
 </msg>
<msg time="2026-06-13T20:52:24.831273" level="INFO">POST Response : url=https://reqres.in/api/users 
 status=201, reason=Created 
 headers={'Date': 'Sat, 13 Jun 2026 15:22:24 GMT', 'Content-Type': 'application/json; charset=utf-8', 'Content-Length': '511', 'Connection': 'keep-alive', 'Access-Control-Allow-Origin': '*', 'Cache-Control': 'no-store', 'Cross-Origin-Opener-Policy': 'same-origin', 'Cross-Origin-Resource-Policy': 'same-origin', 'Etag': 'W/"1ff-JMJmsy3IkX+1YIV2NIx+1Ukc71A"', 'Nel': '{"report_to":"heroku-nel","response_headers":["Via"],"max_age":3600,"success_fraction":0.01,"failure_fraction":0.1}', 'Origin-Agent-Cluster': '?1', 'Ratelimit-Limit': '20', 'Ratelimit-Policy': '20;w=60', 'Ratelimit-Remaining': '18', 'Ratelimit-Reset': '60', 'Referrer-Policy': 'strict-origin-when-cross-origin', 'Report-To': '{"group":"heroku-nel","endpoints":[{"url":"https://nel.heroku.com/reports?s=nIigx0USNsiV2wI4waJ8QPwa0wAJ5S359kVZ98e0Ack%3D\\u0026sid=c4c9725f-1ab0-44d8-820f-430df2718e11\\u0026ts=1781364144"}],"max_age":3600}', 'Reporting-Endpoints': 'heroku-nel="https://nel.heroku.com/reports?s=nIigx0USNsiV2wI4waJ8QPwa0wAJ5S359kVZ98e0Ack%3D&amp;sid=c4c9725f-1ab0-44d8-820f-430df2718e11&amp;ts=1781364144"', 'Server': 'cloudflare', 'Strict-Transport-Security': 'max-age=31536000; includeSubDomains', 'Via': '1.1 heroku-router', 'X-Content-Type-Options': 'nosniff', 'X-Dns-Prefetch-Control': 'off', 'X-Download-Options': 'noopen', 'X-Frame-Options': 'DENY', 'X-Permitted-Cross-Domain-Policies': 'none', 'X-Powered-By': 'ReqRes.in - Deploy backends in 30 seconds', 'X-Ratelimit-Limit': '250', 'X-Ratelimit-Remaining': '213', 'X-Ratelimit-Reset': '1781395200', 'X-Reqres-Docs': 'https://reqres.in', 'X-Reqres-Message': 'This API is powered by ReqRes. Deploy your own backend in 30 seconds!', 'X-Reqres-Templates': 'https://app.reqres.in/templates', 'X-Reqres-Tip': 'Create your own backend with persistent data - app.reqres.in/dashboard', 'X-Reqres-Trial': 'true', 'X-Reqres-Trial-Days-Remaining': '14', 'X-Reqres-Trial-Expires': '2026-06-27T13:49:43.776Z', 'X-Reqres-Upgrade': 'https://app.reqres.in/upgrade', 'X-Request-Id': '84ce2b36-e45b-d69f-433e-ea36ffe9d688', 'X-Robots-Tag': 'noindex, nofollow', 'X-Xss-Protection': '0', 'cf-cache-status': 'DYNAMIC', 'CF-RAY': 'a0b217302f86d5f0-BOM'} 
 body={"name":"Priya Banerjee","job":"Automation Engineer","id":"364","createdAt":"2026-06-13T15:22:24.768Z","_meta":{"powered_by":"ReqRes","docs_url":"https://app.reqres.in/documentation","upgrade_url":"https://app.reqres.in/upgrade","example_url":"https://app.reqres.in/examples/notes-app","variant":"v1_a","message":"Your data persists here. Add auth, logs, and custom schemas to build a real backend.","cta":{"label":"See example app","url":"https://app.reqres.in/examples/notes-app"},"context":"legacy_success"}} 
 </msg>
<msg time="2026-06-13T20:52:24.831449" level="INFO">D:\Project\robotframework-hybrid-automation-framework\.venv\Lib\site-packages\urllib3\connectionpool.py:1110: InsecureRequestWarning: Unverified HTTPS request is being made to host 'reqres.in'. Adding certificate verification is strongly advised. See: https://urllib3.readthedocs.io/en/latest/advanced-usage.html#tls-warnings
  warnings.warn(</msg>
<msg time="2026-06-13T20:52:24.831976" level="INFO">${response} = &lt;Response [201]&gt;</msg>
<var>${response}</var>
<arg>reqres</arg>
<arg>/api/users</arg>
<arg>json=${body}</arg>
<doc>Sends a POST request on a previously created HTTP Session.</doc>
<status status="PASS" start="2026-06-13T20:52:24.652235" elapsed="0.179835"/>
</kw>
<return>
<value>${response}</value>
<status status="PASS" start="2026-06-13T20:52:24.832231" elapsed="0.000094"/>
</return>
<msg time="2026-06-13T20:52:24.832623" level="INFO">${response} = &lt;Response [201]&gt;</msg>
<var>${response}</var>
<arg>${employee}[name]</arg>
<arg>${employee}[job]</arg>
<status status="PASS" start="2026-06-13T20:52:24.649106" elapsed="0.183561"/>
</kw>
<kw name="Should Be Equal As Integers" owner="BuiltIn">
<msg time="2026-06-13T20:52:24.834041" level="INFO">Argument types are:
&lt;class 'int'&gt;
&lt;class 'str'&gt;</msg>
<arg>${response.status_code}</arg>
<arg>201</arg>
<doc>Fails if objects are unequal after converting them to integers.</doc>
<status status="PASS" start="2026-06-13T20:52:24.832912" elapsed="0.001261"/>
</kw>
<kw name="Should Contain" owner="BuiltIn">
<arg>${response.text}</arg>
<arg>${employee}[name]</arg>
<doc>Fails if ``container`` does not contain ``item`` one or more times.</doc>
<status status="PASS" start="2026-06-13T20:52:24.834602" elapsed="0.001506"/>
</kw>
<kw name="Log To Console" owner="BuiltIn">
<arg>Employee Created Successfully</arg>
<doc>Logs the given message to the console.</doc>
<status status="PASS" start="2026-06-13T20:52:24.836325" elapsed="0.000840"/>
</kw>
<var name="${employee}">{'name': 'Priya Banerjee', 'job': 'Automation Engineer'}</var>
<status status="PASS" start="2026-06-13T20:52:24.648902" elapsed="0.188365"/>
</iter>
<iter>
<kw name="Create Employee" owner="UserAPI">
<kw name="Create Dictionary" owner="BuiltIn">
<msg time="2026-06-13T20:52:24.839064" level="INFO">${body} = {'name': 'Amit Kumar', 'job': 'SDET'}</msg>
<var>${body}</var>
<arg>name=${name}</arg>
<arg>job=${job}</arg>
<doc>Creates and returns a dictionary based on the given ``items``.</doc>
<status status="PASS" start="2026-06-13T20:52:24.838405" elapsed="0.000775"/>
</kw>
<kw name="POST On Session" owner="RequestsLibrary">
<msg time="2026-06-13T20:52:25.016609" level="INFO">POST Request : url=https://reqres.in/api/users 
 path_url=/api/users 
 headers={'User-Agent': 'python-requests/2.34.2', 'Accept-Encoding': 'gzip, deflate, zstd', 'Accept': '*/*', 'Connection': 'keep-alive', 'x-api-key': 'free_user_3F5IcYN7thV2ymEch3SEjEd77lU', 'Content-Length': '37', 'Content-Type': 'application/json'} 
 body=b'{"name": "Amit Kumar", "job": "SDET"}' 
 </msg>
<msg time="2026-06-13T20:52:25.016917" level="INFO">POST Response : url=https://reqres.in/api/users 
 status=201, reason=Created 
 headers={'Date': 'Sat, 13 Jun 2026 15:22:24 GMT', 'Content-Type': 'application/json; charset=utf-8', 'Content-Length': '491', 'Connection': 'keep-alive', 'Access-Control-Allow-Origin': '*', 'Cache-Control': 'no-store', 'Cross-Origin-Opener-Policy': 'same-origin', 'Cross-Origin-Resource-Policy': 'same-origin', 'Etag': 'W/"1eb-kMSgN2NNn/fA5n0lcv9QGoVCExA"', 'Nel': '{"report_to":"heroku-nel","response_headers":["Via"],"max_age":3600,"success_fraction":0.01,"failure_fraction":0.1}', 'Origin-Agent-Cluster': '?1', 'Ratelimit-Limit': '20', 'Ratelimit-Policy': '20;w=60', 'Ratelimit-Remaining': '17', 'Ratelimit-Reset': '60', 'Referrer-Policy': 'strict-origin-when-cross-origin', 'Report-To': '{"group":"heroku-nel","endpoints":[{"url":"https://nel.heroku.com/reports?s=nIigx0USNsiV2wI4waJ8QPwa0wAJ5S359kVZ98e0Ack%3D\\u0026sid=c4c9725f-1ab0-44d8-820f-430df2718e11\\u0026ts=1781364144"}],"max_age":3600}', 'Reporting-Endpoints': 'heroku-nel="https://nel.heroku.com/reports?s=nIigx0USNsiV2wI4waJ8QPwa0wAJ5S359kVZ98e0Ack%3D&amp;sid=c4c9725f-1ab0-44d8-820f-430df2718e11&amp;ts=1781364144"', 'Server': 'cloudflare', 'Strict-Transport-Security': 'max-age=31536000; includeSubDomains', 'Via': '1.1 heroku-router', 'X-Content-Type-Options': 'nosniff', 'X-Dns-Prefetch-Control': 'off', 'X-Download-Options': 'noopen', 'X-Frame-Options': 'DENY', 'X-Permitted-Cross-Domain-Policies': 'none', 'X-Powered-By': 'ReqRes.in - Deploy backends in 30 seconds', 'X-Ratelimit-Limit': '250', 'X-Ratelimit-Remaining': '212', 'X-Ratelimit-Reset': '1781395200', 'X-Reqres-Docs': 'https://reqres.in', 'X-Reqres-Message': 'This API is powered by ReqRes. Deploy your own backend in 30 seconds!', 'X-Reqres-Templates': 'https://app.reqres.in/templates', 'X-Reqres-Tip': 'Build with your own data, not fixtures - app.reqres.in/dashboard', 'X-Reqres-Trial': 'true', 'X-Reqres-Trial-Days-Remaining': '14', 'X-Reqres-Trial-Expires': '2026-06-27T13:49:43.776Z', 'X-Reqres-Upgrade': 'https://app.reqres.in/upgrade', 'X-Request-Id': 'd6597d9f-e9c7-60c0-8607-4dfe74715503', 'X-Robots-Tag': 'noindex, nofollow', 'X-Xss-Protection': '0', 'cf-cache-status': 'DYNAMIC', 'CF-RAY': 'a0b2173148bed5f0-BOM'} 
 body={"name":"Amit Kumar","job":"SDET","id":"63","createdAt":"2026-06-13T15:22:24.953Z","_meta":{"powered_by":"ReqRes","docs_url":"https://app.reqres.in/documentation","upgrade_url":"https://app.reqres.in/upgrade","example_url":"https://app.reqres.in/examples/notes-app","variant":"v1_a","message":"Your data persists here. Add auth, logs, and custom schemas to build a real backend.","cta":{"label":"See example app","url":"https://app.reqres.in/examples/notes-app"},"context":"legacy_success"}} 
 </msg>
<msg time="2026-06-13T20:52:25.017111" level="INFO">D:\Project\robotframework-hybrid-automation-framework\.venv\Lib\site-packages\urllib3\connectionpool.py:1110: InsecureRequestWarning: Unverified HTTPS request is being made to host 'reqres.in'. Adding certificate verification is strongly advised. See: https://urllib3.readthedocs.io/en/latest/advanced-usage.html#tls-warnings
  warnings.warn(</msg>
<msg time="2026-06-13T20:52:25.017720" level="INFO">${response} = &lt;Response [201]&gt;</msg>
<var>${response}</var>
<arg>reqres</arg>
<arg>/api/users</arg>
<arg>json=${body}</arg>
<doc>Sends a POST request on a previously created HTTP Session.</doc>
<status status="PASS" start="2026-06-13T20:52:24.839395" elapsed="0.178392"/>
</kw>
<return>
<value>${response}</value>
<status status="PASS" start="2026-06-13T20:52:25.017929" elapsed="0.000091"/>
</return>
<msg time="2026-06-13T20:52:25.018247" level="INFO">${response} = &lt;Response [201]&gt;</msg>
<var>${response}</var>
<arg>${employee}[name]</arg>
<arg>${employee}[job]</arg>
<status status="PASS" start="2026-06-13T20:52:24.837863" elapsed="0.180426"/>
</kw>
<kw name="Should Be Equal As Integers" owner="BuiltIn">
<msg time="2026-06-13T20:52:25.019616" level="INFO">Argument types are:
&lt;class 'int'&gt;
&lt;class 'str'&gt;</msg>
<arg>${response.status_code}</arg>
<arg>201</arg>
<doc>Fails if objects are unequal after converting them to integers.</doc>
<status status="PASS" start="2026-06-13T20:52:25.018502" elapsed="0.001216"/>
</kw>
<kw name="Should Contain" owner="BuiltIn">
<arg>${response.text}</arg>
<arg>${employee}[name]</arg>
<doc>Fails if ``container`` does not contain ``item`` one or more times.</doc>
<status status="PASS" start="2026-06-13T20:52:25.020113" elapsed="0.001020"/>
</kw>
<kw name="Log To Console" owner="BuiltIn">
<arg>Employee Created Successfully</arg>
<doc>Logs the given message to the console.</doc>
<status status="PASS" start="2026-06-13T20:52:25.021293" elapsed="0.000585"/>
</kw>
<var name="${employee}">{'name': 'Amit Kumar', 'job': 'SDET'}</var>
<status status="PASS" start="2026-06-13T20:52:24.837548" elapsed="0.184399"/>
</iter>
<iter>
<kw name="Create Employee" owner="UserAPI">
<kw name="Create Dictionary" owner="BuiltIn">
<msg time="2026-06-13T20:52:25.027778" level="INFO">${body} = {'name': 'Sneha Verma', 'job': 'Test Lead'}</msg>
<var>${body}</var>
<arg>name=${name}</arg>
<arg>job=${job}</arg>
<doc>Creates and returns a dictionary based on the given ``items``.</doc>
<status status="PASS" start="2026-06-13T20:52:25.026856" elapsed="0.000999"/>
</kw>
<kw name="POST On Session" owner="RequestsLibrary">
<msg time="2026-06-13T20:52:25.206825" level="INFO">POST Request : url=https://reqres.in/api/users 
 path_url=/api/users 
 headers={'User-Agent': 'python-requests/2.34.2', 'Accept-Encoding': 'gzip, deflate, zstd', 'Accept': '*/*', 'Connection': 'keep-alive', 'x-api-key': 'free_user_3F5IcYN7thV2ymEch3SEjEd77lU', 'Content-Length': '43', 'Content-Type': 'application/json'} 
 body=b'{"name": "Sneha Verma", "job": "Test Lead"}' 
 </msg>
<msg time="2026-06-13T20:52:25.207187" level="INFO">POST Response : url=https://reqres.in/api/users 
 status=201, reason=Created 
 headers={'Date': 'Sat, 13 Jun 2026 15:22:25 GMT', 'Content-Type': 'application/json; charset=utf-8', 'Content-Length': '498', 'Connection': 'keep-alive', 'Access-Control-Allow-Origin': '*', 'Cache-Control': 'no-store', 'Cross-Origin-Opener-Policy': 'same-origin', 'Cross-Origin-Resource-Policy': 'same-origin', 'Etag': 'W/"1f2-V7TZVetbRpn+jw4pvlMxDiDb/K4"', 'Nel': '{"report_to":"heroku-nel","response_headers":["Via"],"max_age":3600,"success_fraction":0.01,"failure_fraction":0.1}', 'Origin-Agent-Cluster': '?1', 'Ratelimit-Limit': '20', 'Ratelimit-Policy': '20;w=60', 'Ratelimit-Remaining': '16', 'Ratelimit-Reset': '60', 'Referrer-Policy': 'strict-origin-when-cross-origin', 'Report-To': '{"group":"heroku-nel","endpoints":[{"url":"https://nel.heroku.com/reports?s=F5%2F%2FFw8KndAEZdkXOuzPTRCy7ZKem%2BZ5P1KYB7CGhSU%3D\\u0026sid=c4c9725f-1ab0-44d8-820f-430df2718e11\\u0026ts=1781364145"}],"max_age":3600}', 'Reporting-Endpoints': 'heroku-nel="https://nel.heroku.com/reports?s=F5%2F%2FFw8KndAEZdkXOuzPTRCy7ZKem%2BZ5P1KYB7CGhSU%3D&amp;sid=c4c9725f-1ab0-44d8-820f-430df2718e11&amp;ts=1781364145"', 'Server': 'cloudflare', 'Strict-Transport-Security': 'max-age=31536000; includeSubDomains', 'Via': '1.1 heroku-router', 'X-Content-Type-Options': 'nosniff', 'X-Dns-Prefetch-Control': 'off', 'X-Download-Options': 'noopen', 'X-Frame-Options': 'DENY', 'X-Permitted-Cross-Domain-Policies': 'none', 'X-Powered-By': 'ReqRes.in - Deploy backends in 30 seconds', 'X-Ratelimit-Limit': '250', 'X-Ratelimit-Remaining': '211', 'X-Ratelimit-Reset': '1781395200', 'X-Reqres-Docs': 'https://reqres.in', 'X-Reqres-Message': 'This API is powered by ReqRes. Deploy your own backend in 30 seconds!', 'X-Reqres-Templates': 'https://app.reqres.in/templates', 'X-Reqres-Tip': 'Create your own backend with persistent data - app.reqres.in/dashboard', 'X-Reqres-Trial': 'true', 'X-Reqres-Trial-Days-Remaining': '14', 'X-Reqres-Trial-Expires': '2026-06-27T13:49:43.776Z', 'X-Reqres-Upgrade': 'https://app.reqres.in/upgrade', 'X-Request-Id': '27dd6d4b-27ac-663b-42a0-77ba5dce0ba1', 'X-Robots-Tag': 'noindex, nofollow', 'X-Xss-Protection': '0', 'cf-cache-status': 'DYNAMIC', 'CF-RAY': 'a0b2173279e0d5f0-BOM'} 
 body={"name":"Sneha Verma","job":"Test Lead","id":"463","createdAt":"2026-06-13T15:22:25.143Z","_meta":{"powered_by":"ReqRes","docs_url":"https://app.reqres.in/documentation","upgrade_url":"https://app.reqres.in/upgrade","example_url":"https://app.reqres.in/examples/notes-app","variant":"v1_a","message":"Your data persists here. Add auth, logs, and custom schemas to build a real backend.","cta":{"label":"See example app","url":"https://app.reqres.in/examples/notes-app"},"context":"legacy_success"}} 
 </msg>
<msg time="2026-06-13T20:52:25.207413" level="INFO">D:\Project\robotframework-hybrid-automation-framework\.venv\Lib\site-packages\urllib3\connectionpool.py:1110: InsecureRequestWarning: Unverified HTTPS request is being made to host 'reqres.in'. Adding certificate verification is strongly advised. See: https://urllib3.readthedocs.io/en/latest/advanced-usage.html#tls-warnings
  warnings.warn(</msg>
<msg time="2026-06-13T20:52:25.208219" level="INFO">${response} = &lt;Response [201]&gt;</msg>
<var>${response}</var>
<arg>reqres</arg>
<arg>/api/users</arg>
<arg>json=${body}</arg>
<doc>Sends a POST request on a previously created HTTP Session.</doc>
<status status="PASS" start="2026-06-13T20:52:25.028090" elapsed="0.180221"/>
</kw>
<return>
<value>${response}</value>
<status status="PASS" start="2026-06-13T20:52:25.208502" elapsed="0.000190"/>
</return>
<msg time="2026-06-13T20:52:25.209273" level="INFO">${response} = &lt;Response [201]&gt;</msg>
<var>${response}</var>
<arg>${employee}[name]</arg>
<arg>${employee}[job]</arg>
<status status="PASS" start="2026-06-13T20:52:25.022376" elapsed="0.186965"/>
</kw>
<kw name="Should Be Equal As Integers" owner="BuiltIn">
<msg time="2026-06-13T20:52:25.211874" level="INFO">Argument types are:
&lt;class 'int'&gt;
&lt;class 'str'&gt;</msg>
<arg>${response.status_code}</arg>
<arg>201</arg>
<doc>Fails if objects are unequal after converting them to integers.</doc>
<status status="PASS" start="2026-06-13T20:52:25.209907" elapsed="0.002111"/>
</kw>
<kw name="Should Contain" owner="BuiltIn">
<arg>${response.text}</arg>
<arg>${employee}[name]</arg>
<doc>Fails if ``container`` does not contain ``item`` one or more times.</doc>
<status status="PASS" start="2026-06-13T20:52:25.212292" elapsed="0.002500"/>
</kw>
<kw name="Log To Console" owner="BuiltIn">
<arg>Employee Created Successfully</arg>
<doc>Logs the given message to the console.</doc>
<status status="PASS" start="2026-06-13T20:52:25.215048" elapsed="0.001103"/>
</kw>
<var name="${employee}">{'name': 'Sneha Verma', 'job': 'Test Lead'}</var>
<status status="PASS" start="2026-06-13T20:52:25.022153" elapsed="0.194226"/>
</iter>
<iter>
<kw name="Create Employee" owner="UserAPI">
<kw name="Create Dictionary" owner="BuiltIn">
<msg time="2026-06-13T20:52:25.219652" level="INFO">${body} = {'name': 'Arjun Singh', 'job': 'QA Manager'}</msg>
<var>${body}</var>
<arg>name=${name}</arg>
<arg>job=${job}</arg>
<doc>Creates and returns a dictionary based on the given ``items``.</doc>
<status status="PASS" start="2026-06-13T20:52:25.218206" elapsed="0.001508"/>
</kw>
<kw name="POST On Session" owner="RequestsLibrary">
<msg time="2026-06-13T20:52:25.398392" level="INFO">POST Request : url=https://reqres.in/api/users 
 path_url=/api/users 
 headers={'User-Agent': 'python-requests/2.34.2', 'Accept-Encoding': 'gzip, deflate, zstd', 'Accept': '*/*', 'Connection': 'keep-alive', 'x-api-key': 'free_user_3F5IcYN7thV2ymEch3SEjEd77lU', 'Content-Length': '44', 'Content-Type': 'application/json'} 
 body=b'{"name": "Arjun Singh", "job": "QA Manager"}' 
 </msg>
<msg time="2026-06-13T20:52:25.398734" level="INFO">POST Response : url=https://reqres.in/api/users 
 status=201, reason=Created 
 headers={'Date': 'Sat, 13 Jun 2026 15:22:25 GMT', 'Content-Type': 'application/json; charset=utf-8', 'Content-Length': '499', 'Connection': 'keep-alive', 'Access-Control-Allow-Origin': '*', 'Cache-Control': 'no-store', 'Cross-Origin-Opener-Policy': 'same-origin', 'Cross-Origin-Resource-Policy': 'same-origin', 'Etag': 'W/"1f3-JUetyAvAuMYF4/jL3Xanm5mefU8"', 'Nel': '{"report_to":"heroku-nel","response_headers":["Via"],"max_age":3600,"success_fraction":0.01,"failure_fraction":0.1}', 'Origin-Agent-Cluster': '?1', 'Ratelimit-Limit': '20', 'Ratelimit-Policy': '20;w=60', 'Ratelimit-Remaining': '15', 'Ratelimit-Reset': '60', 'Referrer-Policy': 'strict-origin-when-cross-origin', 'Report-To': '{"group":"heroku-nel","endpoints":[{"url":"https://nel.heroku.com/reports?s=F5%2F%2FFw8KndAEZdkXOuzPTRCy7ZKem%2BZ5P1KYB7CGhSU%3D\\u0026sid=c4c9725f-1ab0-44d8-820f-430df2718e11\\u0026ts=1781364145"}],"max_age":3600}', 'Reporting-Endpoints': 'heroku-nel="https://nel.heroku.com/reports?s=F5%2F%2FFw8KndAEZdkXOuzPTRCy7ZKem%2BZ5P1KYB7CGhSU%3D&amp;sid=c4c9725f-1ab0-44d8-820f-430df2718e11&amp;ts=1781364145"', 'Server': 'cloudflare', 'Strict-Transport-Security': 'max-age=31536000; includeSubDomains', 'Via': '1.1 heroku-router', 'X-Content-Type-Options': 'nosniff', 'X-Dns-Prefetch-Control': 'off', 'X-Download-Options': 'noopen', 'X-Frame-Options': 'DENY', 'X-Permitted-Cross-Domain-Policies': 'none', 'X-Powered-By': 'ReqRes.in - Deploy backends in 30 seconds', 'X-Ratelimit-Limit': '250', 'X-Ratelimit-Remaining': '210', 'X-Ratelimit-Reset': '1781395200', 'X-Reqres-Docs': 'https://reqres.in', 'X-Reqres-Message': 'This API is powered by ReqRes. Deploy your own backend in 30 seconds!', 'X-Reqres-Templates': 'https://app.reqres.in/templates', 'X-Reqres-Tip': 'Build with your own data, not fixtures - app.reqres.in/dashboard', 'X-Reqres-Trial': 'true', 'X-Reqres-Trial-Days-Remaining': '14', 'X-Reqres-Trial-Expires': '2026-06-27T13:49:43.776Z', 'X-Reqres-Upgrade': 'https://app.reqres.in/upgrade', 'X-Request-Id': '415fd61c-fb2b-af0b-55a7-de4c7e741718', 'X-Robots-Tag': 'noindex, nofollow', 'X-Xss-Protection': '0', 'cf-cache-status': 'DYNAMIC', 'CF-RAY': 'a0b21733ab51d5f0-BOM'} 
 body={"name":"Arjun Singh","job":"QA Manager","id":"452","createdAt":"2026-06-13T15:22:25.335Z","_meta":{"powered_by":"ReqRes","docs_url":"https://app.reqres.in/documentation","upgrade_url":"https://app.reqres.in/upgrade","example_url":"https://app.reqres.in/examples/notes-app","variant":"v1_a","message":"Your data persists here. Add auth, logs, and custom schemas to build a real backend.","cta":{"label":"See example app","url":"https://app.reqres.in/examples/notes-app"},"context":"legacy_success"}} 
 </msg>
<msg time="2026-06-13T20:52:25.398961" level="INFO">D:\Project\robotframework-hybrid-automation-framework\.venv\Lib\site-packages\urllib3\connectionpool.py:1110: InsecureRequestWarning: Unverified HTTPS request is being made to host 'reqres.in'. Adding certificate verification is strongly advised. See: https://urllib3.readthedocs.io/en/latest/advanced-usage.html#tls-warnings
  warnings.warn(</msg>
<msg time="2026-06-13T20:52:25.399892" level="INFO">${response} = &lt;Response [201]&gt;</msg>
<var>${response}</var>
<arg>reqres</arg>
<arg>/api/users</arg>
<arg>json=${body}</arg>
<doc>Sends a POST request on a previously created HTTP Session.</doc>
<status status="PASS" start="2026-06-13T20:52:25.219953" elapsed="0.180094"/>
</kw>
<return>
<value>${response}</value>
<status status="PASS" start="2026-06-13T20:52:25.400297" elapsed="0.000231"/>
</return>
<msg time="2026-06-13T20:52:25.401147" level="INFO">${response} = &lt;Response [201]&gt;</msg>
<var>${response}</var>
<arg>${employee}[name]</arg>
<arg>${employee}[job]</arg>
<status status="PASS" start="2026-06-13T20:52:25.217159" elapsed="0.184072"/>
</kw>
<kw name="Should Be Equal As Integers" owner="BuiltIn">
<msg time="2026-06-13T20:52:25.403853" level="INFO">Argument types are:
&lt;class 'int'&gt;
&lt;class 'str'&gt;</msg>
<arg>${response.status_code}</arg>
<arg>201</arg>
<doc>Fails if objects are unequal after converting them to integers.</doc>
<status status="PASS" start="2026-06-13T20:52:25.401603" elapsed="0.002415"/>
</kw>
<kw name="Should Contain" owner="BuiltIn">
<arg>${response.text}</arg>
<arg>${employee}[name]</arg>
<doc>Fails if ``container`` does not contain ``item`` one or more times.</doc>
<status status="PASS" start="2026-06-13T20:52:25.404433" elapsed="0.002360"/>
</kw>
<kw name="Log To Console" owner="BuiltIn">
<arg>Employee Created Successfully</arg>
<doc>Logs the given message to the console.</doc>
<status status="PASS" start="2026-06-13T20:52:25.407218" elapsed="0.001910"/>
</kw>
<var name="${employee}">{'name': 'Arjun Singh', 'job': 'QA Manager'}</var>
<status status="PASS" start="2026-06-13T20:52:25.216795" elapsed="0.192511"/>
</iter>
<var>${employee}</var>
<value>@{employees}</value>
<status status="PASS" start="2026-06-13T20:52:24.329939" elapsed="1.079632"/>
</for>
<tag>regression</tag>
<status status="PASS" start="2026-06-13T20:52:24.317390" elapsed="1.093440"/>
</test>
<status status="PASS" start="2026-06-13T20:52:24.312144" elapsed="1.101374"/>
</suite>
<suite id="s1-s2-s3" name="Invalid Password Hybrid" source="D:\Project\robotframework-hybrid-automation-framework\Tests\hybrid\invalid_password_hybrid.robot">
<test id="s1-s2-s3-t1" name="Invalid Password Hybrid" line="13">
<kw name="Load Yaml" owner="YamlReader">
<msg time="2026-06-13T20:52:25.432543" level="INFO">${env} = {'environment': {'name': 'qa'}, 'application': {'ui_url': 'https://www.saucedemo.com'}, 'api': {'base_url': 'https://reqres.in', 'api_key': 'free_user_3F5IcYN7thV2ymEch3SEjEd77lU'}}</msg>
<var>${env}</var>
<arg>${ENV_FILE}</arg>
<status status="PASS" start="2026-06-13T20:52:25.430892" elapsed="0.001724"/>
</kw>
<kw name="Load Yaml" owner="YamlReader">
<msg time="2026-06-13T20:52:25.437646" level="INFO">${ui_data} = {'users': {'valid_user': {'username': 'standard_user', 'password': 'secret_sauce'}, 'invalid_password': {'username': 'standard_user', 'password': 'wrong_password'}, 'invalid_username': {'username': 'i...</msg>
<var>${ui_data}</var>
<arg>${UI_DATA_FILE}</arg>
<status status="PASS" start="2026-06-13T20:52:25.433565" elapsed="0.004334"/>
</kw>
<kw name="Launch Browser" owner="BrowserFactory">
<kw name="Open Browser" owner="SeleniumLibrary">
<msg time="2026-06-13T20:52:25.441279" level="INFO">Opening browser 'chrome' to base url 'https://www.saucedemo.com'.</msg>
<arg>${url}</arg>
<arg>chrome</arg>
<doc>Opens a new browser instance to the optional ``url``.</doc>
<status status="PASS" start="2026-06-13T20:52:25.440612" elapsed="2.271373"/>
</kw>
<kw name="Maximize Browser Window" owner="SeleniumLibrary">
<doc>Maximizes current browser window.</doc>
<status status="PASS" start="2026-06-13T20:52:27.712383" elapsed="0.034183"/>
</kw>
<arg>${env}[application][ui_url]</arg>
<status status="PASS" start="2026-06-13T20:52:25.439541" elapsed="2.307308"/>
</kw>
<kw name="Login To SauceDemo" owner="LoginPage">
<kw name="Input Text" owner="SeleniumLibrary">
<msg time="2026-06-13T20:52:27.749711" level="INFO">Typing text 'standard_user' into text field 'id:user-name'.</msg>
<arg>${USERNAME_FIELD}</arg>
<arg>${username}</arg>
<doc>Types the given ``text`` into the text field identified by ``locator``.</doc>
<status status="PASS" start="2026-06-13T20:52:27.749027" elapsed="0.266754"/>
</kw>
<kw name="Input Text" owner="SeleniumLibrary">
<msg time="2026-06-13T20:52:28.016660" level="INFO">Typing text 'wrong_password' into text field 'id:password'.</msg>
<arg>${PASSWORD_FIELD}</arg>
<arg>${password}</arg>
<doc>Types the given ``text`` into the text field identified by ``locator``.</doc>
<status status="PASS" start="2026-06-13T20:52:28.016115" elapsed="0.187801"/>
</kw>
<kw name="Click Button" owner="SeleniumLibrary">
<msg time="2026-06-13T20:52:28.205469" level="INFO">Clicking button 'id:login-button'.</msg>
<arg>${LOGIN_BUTTON}</arg>
<doc>Clicks the button identified by ``locator``.</doc>
<status status="PASS" start="2026-06-13T20:52:28.204363" elapsed="0.130524"/>
</kw>
<arg>${ui_data}[users][invalid_password][username]</arg>
<arg>${ui_data}[users][invalid_password][password]</arg>
<status status="PASS" start="2026-06-13T20:52:27.747834" elapsed="0.587244"/>
</kw>
<kw name="Verify Login Error" owner="LoginPage">
<kw name="Element Should Contain" owner="SeleniumLibrary">
<msg time="2026-06-13T20:52:28.381339" level="INFO">Element 'css:[data-test="error"]' contains text 'Epic sadface: Username and password do not match'.</msg>
<arg>css:[data-test="error"]</arg>
<arg>${expected_message}</arg>
<doc>Verifies that element ``locator`` contains text ``expected``.</doc>
<status status="PASS" start="2026-06-13T20:52:28.336194" elapsed="0.045371"/>
</kw>
<arg>Epic sadface: Username and password do not match</arg>
<status status="PASS" start="2026-06-13T20:52:28.335687" elapsed="0.046125"/>
</kw>
<kw name="Close Browser Session" owner="BrowserFactory" type="TEARDOWN">
<kw name="Close All Browsers" owner="SeleniumLibrary">
<doc>Closes all open browsers and resets the browser cache.</doc>
<status status="PASS" start="2026-06-13T20:52:28.383325" elapsed="2.192924"/>
</kw>
<status status="PASS" start="2026-06-13T20:52:28.382599" elapsed="2.193992"/>
</kw>
<tag>regression</tag>
<tag>sanity</tag>
<status status="PASS" start="2026-06-13T20:52:25.429031" elapsed="5.148170"/>
</test>
<status status="PASS" start="2026-06-13T20:52:25.416099" elapsed="5.163942"/>
</suite>
<suite id="s1-s2-s4" name="Invalid Username Hybrid" source="D:\Project\robotframework-hybrid-automation-framework\Tests\hybrid\invalid_username_hybrid.robot">
<test id="s1-s2-s4-t1" name="Invalid Username Validation" line="13">
<kw name="Load Yaml" owner="YamlReader">
<msg time="2026-06-13T20:52:30.597290" level="INFO">${env} = {'environment': {'name': 'qa'}, 'application': {'ui_url': 'https://www.saucedemo.com'}, 'api': {'base_url': 'https://reqres.in', 'api_key': 'free_user_3F5IcYN7thV2ymEch3SEjEd77lU'}}</msg>
<var>${env}</var>
<arg>${ENV_FILE}</arg>
<status status="PASS" start="2026-06-13T20:52:30.594686" elapsed="0.002694"/>
</kw>
<kw name="Load Yaml" owner="YamlReader">
<msg time="2026-06-13T20:52:30.602596" level="INFO">${ui_data} = {'users': {'valid_user': {'username': 'standard_user', 'password': 'secret_sauce'}, 'invalid_password': {'username': 'standard_user', 'password': 'wrong_password'}, 'invalid_username': {'username': 'i...</msg>
<var>${ui_data}</var>
<arg>${UI_DATA_FILE}</arg>
<status status="PASS" start="2026-06-13T20:52:30.598277" elapsed="0.004403"/>
</kw>
<kw name="Launch Browser" owner="BrowserFactory">
<kw name="Open Browser" owner="SeleniumLibrary">
<msg time="2026-06-13T20:52:30.605690" level="INFO">Opening browser 'chrome' to base url 'https://www.saucedemo.com'.</msg>
<arg>${url}</arg>
<arg>chrome</arg>
<doc>Opens a new browser instance to the optional ``url``.</doc>
<status status="PASS" start="2026-06-13T20:52:30.604924" elapsed="2.091680"/>
</kw>
<kw name="Maximize Browser Window" owner="SeleniumLibrary">
<doc>Maximizes current browser window.</doc>
<status status="PASS" start="2026-06-13T20:52:32.697034" elapsed="0.036681"/>
</kw>
<arg>${env}[application][ui_url]</arg>
<status status="PASS" start="2026-06-13T20:52:30.603925" elapsed="2.130039"/>
</kw>
<kw name="Login To SauceDemo" owner="LoginPage">
<kw name="Input Text" owner="SeleniumLibrary">
<msg time="2026-06-13T20:52:32.735668" level="INFO">Typing text 'invalid_user' into text field 'id:user-name'.</msg>
<arg>${USERNAME_FIELD}</arg>
<arg>${username}</arg>
<doc>Types the given ``text`` into the text field identified by ``locator``.</doc>
<status status="PASS" start="2026-06-13T20:52:32.735227" elapsed="0.249074"/>
</kw>
<kw name="Input Text" owner="SeleniumLibrary">
<msg time="2026-06-13T20:52:32.985243" level="INFO">Typing text 'secret_sauce' into text field 'id:password'.</msg>
<arg>${PASSWORD_FIELD}</arg>
<arg>${password}</arg>
<doc>Types the given ``text`` into the text field identified by ``locator``.</doc>
<status status="PASS" start="2026-06-13T20:52:32.984667" elapsed="0.165527"/>
</kw>
<kw name="Click Button" owner="SeleniumLibrary">
<msg time="2026-06-13T20:52:33.150962" level="INFO">Clicking button 'id:login-button'.</msg>
<arg>${LOGIN_BUTTON}</arg>
<doc>Clicks the button identified by ``locator``.</doc>
<status status="PASS" start="2026-06-13T20:52:33.150513" elapsed="0.119511"/>
</kw>
<arg>${ui_data}[users][invalid_username][username]</arg>
<arg>${ui_data}[users][invalid_username][password]</arg>
<status status="PASS" start="2026-06-13T20:52:32.734621" elapsed="0.535667"/>
</kw>
<kw name="Verify Login Error" owner="LoginPage">
<kw name="Element Should Contain" owner="SeleniumLibrary">
<msg time="2026-06-13T20:52:33.320449" level="INFO">Element 'css:[data-test="error"]' contains text 'Epic sadface: Username and password do not match any user'.</msg>
<arg>css:[data-test="error"]</arg>
<arg>${expected_message}</arg>
<doc>Verifies that element ``locator`` contains text ``expected``.</doc>
<status status="PASS" start="2026-06-13T20:52:33.271936" elapsed="0.048702"/>
</kw>
<arg>Epic sadface: Username and password do not match any user</arg>
<status status="PASS" start="2026-06-13T20:52:33.271115" elapsed="0.049738"/>
</kw>
<kw name="Close Browser Session" owner="BrowserFactory" type="TEARDOWN">
<kw name="Close All Browsers" owner="SeleniumLibrary">
<doc>Closes all open browsers and resets the browser cache.</doc>
<status status="PASS" start="2026-06-13T20:52:33.322883" elapsed="2.205057"/>
</kw>
<status status="PASS" start="2026-06-13T20:52:33.322302" elapsed="2.205961"/>
</kw>
<tag>regression</tag>
<tag>sanity</tag>
<status status="PASS" start="2026-06-13T20:52:30.593102" elapsed="4.935640"/>
</test>
<status status="PASS" start="2026-06-13T20:52:30.581961" elapsed="4.948410"/>
</suite>
<suite id="s1-s2-s5" name="Locked User Hybrid" source="D:\Project\robotframework-hybrid-automation-framework\Tests\hybrid\locked_user_hybrid.robot">
<test id="s1-s2-s5-t1" name="Locked User Validation" line="13">
<kw name="Load Yaml" owner="YamlReader">
<msg time="2026-06-13T20:52:35.551556" level="INFO">${env} = {'environment': {'name': 'qa'}, 'application': {'ui_url': 'https://www.saucedemo.com'}, 'api': {'base_url': 'https://reqres.in', 'api_key': 'free_user_3F5IcYN7thV2ymEch3SEjEd77lU'}}</msg>
<var>${env}</var>
<arg>${ENV_FILE}</arg>
<status status="PASS" start="2026-06-13T20:52:35.544223" elapsed="0.007427"/>
</kw>
<kw name="Load Yaml" owner="YamlReader">
<msg time="2026-06-13T20:52:35.555740" level="INFO">${ui_data} = {'users': {'valid_user': {'username': 'standard_user', 'password': 'secret_sauce'}, 'invalid_password': {'username': 'standard_user', 'password': 'wrong_password'}, 'invalid_username': {'username': 'i...</msg>
<var>${ui_data}</var>
<arg>${UI_DATA_FILE}</arg>
<status status="PASS" start="2026-06-13T20:52:35.552523" elapsed="0.003319"/>
</kw>
<kw name="Launch Browser" owner="BrowserFactory">
<kw name="Open Browser" owner="SeleniumLibrary">
<msg time="2026-06-13T20:52:35.558621" level="INFO">Opening browser 'chrome' to base url 'https://www.saucedemo.com'.</msg>
<arg>${url}</arg>
<arg>chrome</arg>
<doc>Opens a new browser instance to the optional ``url``.</doc>
<status status="PASS" start="2026-06-13T20:52:35.557888" elapsed="2.085921"/>
</kw>
<kw name="Maximize Browser Window" owner="SeleniumLibrary">
<doc>Maximizes current browser window.</doc>
<status status="PASS" start="2026-06-13T20:52:37.644228" elapsed="0.038508"/>
</kw>
<arg>${env}[application][ui_url]</arg>
<status status="PASS" start="2026-06-13T20:52:35.556681" elapsed="2.126267"/>
</kw>
<kw name="Login To SauceDemo" owner="LoginPage">
<kw name="Input Text" owner="SeleniumLibrary">
<msg time="2026-06-13T20:52:37.684751" level="INFO">Typing text 'locked_out_user' into text field 'id:user-name'.</msg>
<arg>${USERNAME_FIELD}</arg>
<arg>${username}</arg>
<doc>Types the given ``text`` into the text field identified by ``locator``.</doc>
<status status="PASS" start="2026-06-13T20:52:37.684187" elapsed="0.262609"/>
</kw>
<kw name="Input Text" owner="SeleniumLibrary">
<msg time="2026-06-13T20:52:37.947908" level="INFO">Typing text 'secret_sauce' into text field 'id:password'.</msg>
<arg>${PASSWORD_FIELD}</arg>
<arg>${password}</arg>
<doc>Types the given ``text`` into the text field identified by ``locator``.</doc>
<status status="PASS" start="2026-06-13T20:52:37.947225" elapsed="0.217716"/>
</kw>
<kw name="Click Button" owner="SeleniumLibrary">
<msg time="2026-06-13T20:52:38.165909" level="INFO">Clicking button 'id:login-button'.</msg>
<arg>${LOGIN_BUTTON}</arg>
<doc>Clicks the button identified by ``locator``.</doc>
<status status="PASS" start="2026-06-13T20:52:38.165302" elapsed="0.211381"/>
</kw>
<arg>${ui_data}[users][locked_user][username]</arg>
<arg>${ui_data}[users][locked_user][password]</arg>
<status status="PASS" start="2026-06-13T20:52:37.683563" elapsed="0.693332"/>
</kw>
<kw name="Verify Login Error" owner="LoginPage">
<kw name="Element Should Contain" owner="SeleniumLibrary">
<msg time="2026-06-13T20:52:38.437254" level="INFO">Element 'css:[data-test="error"]' contains text 'Epic sadface: Sorry, this user has been locked out.'.</msg>
<arg>css:[data-test="error"]</arg>
<arg>${expected_message}</arg>
<doc>Verifies that element ``locator`` contains text ``expected``.</doc>
<status status="PASS" start="2026-06-13T20:52:38.377898" elapsed="0.059578"/>
</kw>
<arg>Epic sadface: Sorry, this user has been locked out.</arg>
<status status="PASS" start="2026-06-13T20:52:38.377392" elapsed="0.060292"/>
</kw>
<kw name="Close Browser Session" owner="BrowserFactory" type="TEARDOWN">
<kw name="Close All Browsers" owner="SeleniumLibrary">
<doc>Closes all open browsers and resets the browser cache.</doc>
<status status="PASS" start="2026-06-13T20:52:38.438890" elapsed="2.220212"/>
</kw>
<status status="PASS" start="2026-06-13T20:52:38.438395" elapsed="2.221108"/>
</kw>
<tag>regression</tag>
<status status="PASS" start="2026-06-13T20:52:35.542423" elapsed="5.117782"/>
</test>
<status status="PASS" start="2026-06-13T20:52:35.532136" elapsed="5.129641"/>
</suite>
<suite id="s1-s2-s6" name="Valid Login Hybrid" source="D:\Project\robotframework-hybrid-automation-framework\Tests\hybrid\valid_login_hybrid.robot">
<test id="s1-s2-s6-t1" name="Valid Login Hybrid" line="14">
<kw name="Load Yaml" owner="YamlReader">
<msg time="2026-06-13T20:52:40.676263" level="INFO">${env} = {'environment': {'name': 'qa'}, 'application': {'ui_url': 'https://www.saucedemo.com'}, 'api': {'base_url': 'https://reqres.in', 'api_key': 'free_user_3F5IcYN7thV2ymEch3SEjEd77lU'}}</msg>
<var>${env}</var>
<arg>${ENV_FILE}</arg>
<status status="PASS" start="2026-06-13T20:52:40.673944" elapsed="0.002460"/>
</kw>
<kw name="Load Yaml" owner="YamlReader">
<msg time="2026-06-13T20:52:40.679798" level="INFO">${ui_data} = {'users': {'valid_user': {'username': 'standard_user', 'password': 'secret_sauce'}, 'invalid_password': {'username': 'standard_user', 'password': 'wrong_password'}, 'invalid_username': {'username': 'i...</msg>
<var>${ui_data}</var>
<arg>${UI_DATA_FILE}</arg>
<status status="PASS" start="2026-06-13T20:52:40.677119" elapsed="0.002747"/>
</kw>
<kw name="Launch Browser" owner="BrowserFactory">
<kw name="Open Browser" owner="SeleniumLibrary">
<msg time="2026-06-13T20:52:40.681423" level="INFO">Opening browser 'chrome' to base url 'https://www.saucedemo.com'.</msg>
<arg>${url}</arg>
<arg>chrome</arg>
<doc>Opens a new browser instance to the optional ``url``.</doc>
<status status="PASS" start="2026-06-13T20:52:40.681154" elapsed="1.988139"/>
</kw>
<kw name="Maximize Browser Window" owner="SeleniumLibrary">
<doc>Maximizes current browser window.</doc>
<status status="PASS" start="2026-06-13T20:52:42.669831" elapsed="0.037905"/>
</kw>
<arg>${env}[application][ui_url]</arg>
<status status="PASS" start="2026-06-13T20:52:40.680520" elapsed="2.027623"/>
</kw>
<kw name="Login To SauceDemo" owner="LoginPage">
<kw name="Input Text" owner="SeleniumLibrary">
<msg time="2026-06-13T20:52:42.710386" level="INFO">Typing text 'standard_user' into text field 'id:user-name'.</msg>
<arg>${USERNAME_FIELD}</arg>
<arg>${username}</arg>
<doc>Types the given ``text`` into the text field identified by ``locator``.</doc>
<status status="PASS" start="2026-06-13T20:52:42.709872" elapsed="0.259335"/>
</kw>
<kw name="Input Text" owner="SeleniumLibrary">
<msg time="2026-06-13T20:52:42.970191" level="INFO">Typing text 'secret_sauce' into text field 'id:password'.</msg>
<arg>${PASSWORD_FIELD}</arg>
<arg>${password}</arg>
<doc>Types the given ``text`` into the text field identified by ``locator``.</doc>
<status status="PASS" start="2026-06-13T20:52:42.969603" elapsed="0.176361"/>
</kw>
<kw name="Click Button" owner="SeleniumLibrary">
<msg time="2026-06-13T20:52:43.146694" level="INFO">Clicking button 'id:login-button'.</msg>
<arg>${LOGIN_BUTTON}</arg>
<doc>Clicks the button identified by ``locator``.</doc>
<status status="PASS" start="2026-06-13T20:52:43.146280" elapsed="0.155956"/>
</kw>
<arg>${ui_data}[users][valid_user][username]</arg>
<arg>${ui_data}[users][valid_user][password]</arg>
<status status="PASS" start="2026-06-13T20:52:42.708979" elapsed="0.593585"/>
</kw>
<kw name="Verify Inventory Page" owner="InventoryPage">
<kw name="Page Should Contain" owner="SeleniumLibrary">
<msg time="2026-06-13T20:52:43.327958" level="INFO">Current page contains text 'Products'.</msg>
<arg>Products</arg>
<doc>Verifies that current page contains ``text``.</doc>
<status status="PASS" start="2026-06-13T20:52:43.303857" elapsed="0.024354"/>
</kw>
<status status="PASS" start="2026-06-13T20:52:43.303263" elapsed="0.025138"/>
</kw>
<kw name="Close Browser Session" owner="BrowserFactory" type="TEARDOWN">
<kw name="Close All Browsers" owner="SeleniumLibrary">
<doc>Closes all open browsers and resets the browser cache.</doc>
<status status="PASS" start="2026-06-13T20:52:43.331966" elapsed="2.283904"/>
</kw>
<status status="PASS" start="2026-06-13T20:52:43.331362" elapsed="2.284828"/>
</kw>
<tag>regression</tag>
<tag>sanity</tag>
<tag>smoke</tag>
<status status="PASS" start="2026-06-13T20:52:40.672842" elapsed="4.944177"/>
</test>
<status status="PASS" start="2026-06-13T20:52:40.663426" elapsed="4.955014"/>
</suite>
<status status="PASS" start="2026-06-13T20:52:18.718271" elapsed="26.902073"/>
</suite>
<suite id="s1-s3" name="Ui" source="D:\Project\robotframework-hybrid-automation-framework\Tests\ui">
<suite id="s1-s3-s1" name="Inventory Ui" source="D:\Project\robotframework-hybrid-automation-framework\Tests\ui\inventory_ui.robot">
<kw name="Launch Browser" owner="BrowserFactory" type="SETUP">
<kw name="Open Browser" owner="SeleniumLibrary">
<msg time="2026-06-13T20:52:45.629760" level="INFO">Opening browser 'chrome' to base url 'https://www.saucedemo.com'.</msg>
<arg>${url}</arg>
<arg>chrome</arg>
<doc>Opens a new browser instance to the optional ``url``.</doc>
<status status="PASS" start="2026-06-13T20:52:45.629352" elapsed="2.306554"/>
</kw>
<kw name="Maximize Browser Window" owner="SeleniumLibrary">
<doc>Maximizes current browser window.</doc>
<status status="PASS" start="2026-06-13T20:52:47.936258" elapsed="0.030386"/>
</kw>
<status status="PASS" start="2026-06-13T20:52:45.628805" elapsed="2.338067"/>
</kw>
<test id="s1-s3-s1-t1" name="Inventory Page Validation" line="10">
<kw name="Enter Username" owner="LoginPage">
<kw name="Input Text" owner="SeleniumLibrary">
<msg time="2026-06-13T20:52:47.968977" level="INFO">Typing text 'standard_user' into text field 'id:user-name'.</msg>
<arg>${USERNAME_FIELD}</arg>
<arg>${username}</arg>
<doc>Types the given ``text`` into the text field identified by ``locator``.</doc>
<status status="PASS" start="2026-06-13T20:52:47.968494" elapsed="0.230192"/>
</kw>
<arg>standard_user</arg>
<status status="PASS" start="2026-06-13T20:52:47.967960" elapsed="0.230942"/>
</kw>
<kw name="Enter Password" owner="LoginPage">
<kw name="Input Text" owner="SeleniumLibrary">
<msg time="2026-06-13T20:52:48.202286" level="INFO">Typing text 'secret_sauce' into text field 'id:password'.</msg>
<arg>${PASSWORD_FIELD}</arg>
<arg>${password}</arg>
<doc>Types the given ``text`` into the text field identified by ``locator``.</doc>
<status status="PASS" start="2026-06-13T20:52:48.201800" elapsed="0.179772"/>
</kw>
<arg>secret_sauce</arg>
<status status="PASS" start="2026-06-13T20:52:48.201209" elapsed="0.180677"/>
</kw>
<kw name="Click Login" owner="LoginPage">
<kw name="Click Button" owner="SeleniumLibrary">
<msg time="2026-06-13T20:52:48.384334" level="INFO">Clicking button 'id:login-button'.</msg>
<arg>${LOGIN_BUTTON}</arg>
<doc>Clicks the button identified by ``locator``.</doc>
<status status="PASS" start="2026-06-13T20:52:48.383901" elapsed="0.129915"/>
</kw>
<status status="PASS" start="2026-06-13T20:52:48.382924" elapsed="0.131165"/>
</kw>
<kw name="Verify Inventory Page" owner="InventoryPage">
<kw name="Page Should Contain" owner="SeleniumLibrary">
<msg time="2026-06-13T20:52:48.538786" level="INFO">Current page contains text 'Products'.</msg>
<arg>Products</arg>
<doc>Verifies that current page contains ``text``.</doc>
<status status="PASS" start="2026-06-13T20:52:48.515335" elapsed="0.023660"/>
</kw>
<status status="PASS" start="2026-06-13T20:52:48.514788" elapsed="0.024394"/>
</kw>
<tag>regression</tag>
<status status="PASS" start="2026-06-13T20:52:47.967005" elapsed="0.575793"/>
</test>
<kw name="Close Browser Session" owner="BrowserFactory" type="TEARDOWN">
<kw name="Close All Browsers" owner="SeleniumLibrary">
<doc>Closes all open browsers and resets the browser cache.</doc>
<status status="PASS" start="2026-06-13T20:52:48.546891" elapsed="2.275984"/>
</kw>
<status status="PASS" start="2026-06-13T20:52:48.546446" elapsed="2.276754"/>
</kw>
<status status="PASS" start="2026-06-13T20:52:45.623402" elapsed="5.199849"/>
</suite>
<suite id="s1-s3-s2" name="Login Ui" source="D:\Project\robotframework-hybrid-automation-framework\Tests\ui\login_ui.robot">
<kw name="Launch Browser" owner="BrowserFactory" type="SETUP">
<kw name="Open Browser" owner="SeleniumLibrary">
<msg time="2026-06-13T20:52:50.832400" level="INFO">Opening browser 'chrome' to base url 'https://www.saucedemo.com'.</msg>
<arg>${url}</arg>
<arg>chrome</arg>
<doc>Opens a new browser instance to the optional ``url``.</doc>
<status status="PASS" start="2026-06-13T20:52:50.832208" elapsed="1.518534"/>
</kw>
<kw name="Maximize Browser Window" owner="SeleniumLibrary">
<doc>Maximizes current browser window.</doc>
<status status="PASS" start="2026-06-13T20:52:52.351115" elapsed="0.042405"/>
</kw>
<status status="PASS" start="2026-06-13T20:52:50.831927" elapsed="1.561845"/>
</kw>
<test id="s1-s3-s2-t1" name="Valid Login" line="10">
<kw name="Enter Username" owner="LoginPage">
<kw name="Input Text" owner="SeleniumLibrary">
<msg time="2026-06-13T20:52:52.395831" level="INFO">Typing text 'standard_user' into text field 'id:user-name'.</msg>
<arg>${USERNAME_FIELD}</arg>
<arg>${username}</arg>
<doc>Types the given ``text`` into the text field identified by ``locator``.</doc>
<status status="PASS" start="2026-06-13T20:52:52.395439" elapsed="0.245709"/>
</kw>
<arg>standard_user</arg>
<status status="PASS" start="2026-06-13T20:52:52.394916" elapsed="0.246569"/>
</kw>
<kw name="Enter Password" owner="LoginPage">
<kw name="Input Text" owner="SeleniumLibrary">
<msg time="2026-06-13T20:52:52.645683" level="INFO">Typing text 'secret_sauce' into text field 'id:password'.</msg>
<arg>${PASSWORD_FIELD}</arg>
<arg>${password}</arg>
<doc>Types the given ``text`` into the text field identified by ``locator``.</doc>
<status status="PASS" start="2026-06-13T20:52:52.644969" elapsed="0.131576"/>
</kw>
<arg>secret_sauce</arg>
<status status="PASS" start="2026-06-13T20:52:52.644292" elapsed="0.132873"/>
</kw>
<kw name="Click Login" owner="LoginPage">
<kw name="Click Button" owner="SeleniumLibrary">
<msg time="2026-06-13T20:52:52.779621" level="INFO">Clicking button 'id:login-button'.</msg>
<arg>${LOGIN_BUTTON}</arg>
<doc>Clicks the button identified by ``locator``.</doc>
<status status="PASS" start="2026-06-13T20:52:52.779117" elapsed="0.175821"/>
</kw>
<status status="PASS" start="2026-06-13T20:52:52.778580" elapsed="0.176638"/>
</kw>
<kw name="Verify Inventory Page" owner="InventoryPage">
<kw name="Page Should Contain" owner="SeleniumLibrary">
<msg time="2026-06-13T20:52:52.981307" level="INFO">Current page contains text 'Products'.</msg>
<arg>Products</arg>
<doc>Verifies that current page contains ``text``.</doc>
<status status="PASS" start="2026-06-13T20:52:52.956442" elapsed="0.025025"/>
</kw>
<status status="PASS" start="2026-06-13T20:52:52.955856" elapsed="0.025749"/>
</kw>
<tag>regression</tag>
<tag>sanity</tag>
<tag>smoke</tag>
<status status="PASS" start="2026-06-13T20:52:52.393926" elapsed="0.588068"/>
</test>
<kw name="Close Browser Session" owner="BrowserFactory" type="TEARDOWN">
<kw name="Close All Browsers" owner="SeleniumLibrary">
<doc>Closes all open browsers and resets the browser cache.</doc>
<status status="PASS" start="2026-06-13T20:52:52.983645" elapsed="2.216713"/>
</kw>
<status status="PASS" start="2026-06-13T20:52:52.983257" elapsed="2.217407"/>
</kw>
<status status="PASS" start="2026-06-13T20:52:50.824496" elapsed="4.376271"/>
</suite>
<status status="PASS" start="2026-06-13T20:52:45.621272" elapsed="9.581862"/>
</suite>
<status status="PASS" start="2026-06-13T20:52:17.430183" elapsed="37.775389"/>
</suite>
<statistics>
<total>
<stat pass="10" fail="0" skip="0">All Tests</stat>
</total>
<tag>
<stat pass="10" fail="0" skip="0">regression</stat>
<stat pass="5" fail="0" skip="0">sanity</stat>
<stat pass="4" fail="0" skip="0">smoke</stat>
</tag>
<suite>
<stat name="Tests" id="s1" pass="10" fail="0" skip="0">Tests</stat>
<stat name="Api" id="s1-s1" pass="2" fail="0" skip="0">Tests.Api</stat>
<stat name="Login Api" id="s1-s1-s1" pass="1" fail="0" skip="0">Tests.Api.Login Api</stat>
<stat name="Users Api" id="s1-s1-s2" pass="1" fail="0" skip="0">Tests.Api.Users Api</stat>
<stat name="Hybrid" id="s1-s2" pass="6" fail="0" skip="0">Tests.Hybrid</stat>
<stat name="Api Login Then Ui" id="s1-s2-s1" pass="1" fail="0" skip="0">Tests.Hybrid.Api Login Then Ui</stat>
<stat name="Create Employee Hybrid" id="s1-s2-s2" pass="1" fail="0" skip="0">Tests.Hybrid.Create Employee Hybrid</stat>
<stat name="Invalid Password Hybrid" id="s1-s2-s3" pass="1" fail="0" skip="0">Tests.Hybrid.Invalid Password Hybrid</stat>
<stat name="Invalid Username Hybrid" id="s1-s2-s4" pass="1" fail="0" skip="0">Tests.Hybrid.Invalid Username Hybrid</stat>
<stat name="Locked User Hybrid" id="s1-s2-s5" pass="1" fail="0" skip="0">Tests.Hybrid.Locked User Hybrid</stat>
<stat name="Valid Login Hybrid" id="s1-s2-s6" pass="1" fail="0" skip="0">Tests.Hybrid.Valid Login Hybrid</stat>
<stat name="Ui" id="s1-s3" pass="2" fail="0" skip="0">Tests.Ui</stat>
<stat name="Inventory Ui" id="s1-s3-s1" pass="1" fail="0" skip="0">Tests.Ui.Inventory Ui</stat>
<stat name="Login Ui" id="s1-s3-s2" pass="1" fail="0" skip="0">Tests.Ui.Login Ui</stat>
</suite>
</statistics>
<errors>
</errors>
</robot>
